2025-10-19 23:27:11.023905: I tensorflow/core/util/port.cc:153] oneDNN custom operations are on. You may see slightly different numerical results due to floating-point round-off errors from different computation orders. To turn them off, set the environment variable `TF_ENABLE_ONEDNN_OPTS=0`.
2025-10-19 23:27:11.040422: E external/local_xla/xla/stream_executor/cuda/cuda_fft.cc:467] Unable to register cuFFT factory: Attempting to register factory for plugin cuFFT when one has already been registered
WARNING: All log messages before absl::InitializeLog() is called are written to STDERR
E0000 00:00:1760916431.061925   64605 cuda_dnn.cc:8579] Unable to register cuDNN factory: Attempting to register factory for plugin cuDNN when one has already been registered
E0000 00:00:1760916431.068391   64605 cuda_blas.cc:1407] Unable to register cuBLAS factory: Attempting to register factory for plugin cuBLAS when one has already been registered
W0000 00:00:1760916431.084623   64605 computation_placer.cc:177] computation placer already registered. Please check linkage and avoid linking the same target more than once.
W0000 00:00:1760916431.084647   64605 computation_placer.cc:177] computation placer already registered. Please check linkage and avoid linking the same target more than once.
W0000 00:00:1760916431.084649   64605 computation_placer.cc:177] computation placer already registered. Please check linkage and avoid linking the same target more than once.
W0000 00:00:1760916431.084651   64605 computation_placer.cc:177] computation placer already registered. Please check linkage and avoid linking the same target more than once.
2025-10-19 23:27:11.089495: I tensorflow/core/platform/cpu_feature_guard.cc:210] This TensorFlow binary is optimized to use available CPU instructions in performance-critical operations.
To enable the following instructions: AVX2 AVX512F AVX512_VNNI FMA, in other operations, rebuild TensorFlow with the appropriate compiler flags.
Working with deepseek-ai/deepseek-coder-6.7b-instruct prompt type False...
Loading checkpoint shards:   0%|          | 0/2 [00:00<?, ?it/s]Loading checkpoint shards:  50%|█████     | 1/2 [00:11<00:11, 11.78s/it]Loading checkpoint shards: 100%|██████████| 2/2 [00:15<00:00,  7.18s/it]Loading checkpoint shards: 100%|██████████| 2/2 [00:15<00:00,  7.87s/it]
Setting `pad_token_id` to `eos_token_id`:32021 for open-end generation.
Setting `pad_token_id` to `eos_token_id`:32021 for open-end generation.
============================= test session starts ==============================
platform linux -- Python 3.12.12, pytest-8.4.2, pluggy-1.6.0
rootdir: /content/CS598JBR-Team-26/MP2
plugins: cov-7.0.0, anyio-4.11.0, langsmith-0.4.35, typeguard-4.4.4
collected 12 items

HumanEval_75_test.py .......F..F.                                        [100%]

=================================== FAILURES ===================================
_________________________________ test_case_8 __________________________________

    def test_case_8():
>       assert is_multiply_prime(21) == True
E       assert False == True
E        +  where False = is_multiply_prime(21)

HumanEval_75_test.py:26: AssertionError
_________________________________ test_case_11 _________________________________

    def test_case_11():
>       assert is_multiply_prime(12) == False
E       assert True == False
E        +  where True = is_multiply_prime(12)

HumanEval_75_test.py:35: AssertionError
================================ tests coverage ================================
_______________ coverage: platform linux, python 3.12.12-final-0 _______________

Coverage JSON written to file Coverage/HumanEval_75_test_crafted.json
=========================== short test summary info ============================
FAILED HumanEval_75_test.py::test_case_8 - assert False == True
FAILED HumanEval_75_test.py::test_case_11 - assert True == False
========================= 2 failed, 10 passed in 1.67s =========================


Task_ID HumanEval/75:
prompt:
You are an AI programming assistant, utilizing the DeepSeek Coder model, developed by DeepSeek Company, and you only answer questions related to computer science. For politically sensitive questions, security and privacy issues, and other non-computer science questions, you will refuse to answer.

### Instruction:
Generate a pytest test suite for the following code.

Only write unit tests in the output and nothing else.Import the function from the module `HumanEval_75.py` instead of redefining it.

The input code includes the full function definition (signature + body).
Only write unit tests. Do not include explanations, comments, or extra text.

### Test Requirements:
- Write multiple test functions (e.g., `def test_case_1():`, `def test_case_2():`).
- Cover at least 5 cases including typical inputs, edge cases, empty inputs, negative inputs, and unusual inputs.
- Ensure high branch and line coverage; include all execution paths.

def is_multiply_prime(a):
    """Write a function that returns true if the given number is the multiplication of 3 prime numbers
    and false otherwise.
    Knowing that (a) is less then 100. 
    Example:
    is_multiply_prime(30) == True
    30 = 2 * 3 * 5
    """

    def is_prime(n):
        for j in range(2,n):
            if n%j == 0:
                return False
        return True

    for i in range(2,101):
        if not is_prime(i): continue
        for j in range(2,101):
            if not is_prime(j): continue
            for k in range(2,101):
                if not is_prime(k): continue
                if i*j*k == a: return True
    return False


### Response:

response:
import pytest
from HumanEval_75 import is_multiply_prime

def test_case_1():
    assert is_multiply_prime(30) == True

def test_case_2():
    assert is_multiply_prime(105) == True

def test_case_3():
    assert is_multiply_prime(200) == False

def test_case_4():
    assert is_multiply_prime(0) == False

def test_case_5():
    assert is_multiply_prime(-10) == False

def test_case_6():
    assert is_multiply_prime(13) == False

def test_case_7():
    assert is_multiply_prime(3) == False

def test_case_8():
    assert is_multiply_prime(21) == True

def test_case_9():
    assert is_multiply_prime(14) == False

def test_case_10():
    assert is_multiply_prime(646) == True

def test_case_11():
    assert is_multiply_prime(12) == False

def test_case_12():
    assert is_multiply_prime(97) == False
coverage:
{"meta": {"format": 3, "version": "7.11.0", "timestamp": "2025-10-19T23:27:58.051925", "branch_coverage": false, "show_contexts": false}, "files": {"HumanEval_75.py": {"executed_lines": [2, 11, 12, 13, 14, 15, 17, 18, 19, 20, 21, 22, 23, 24], "summary": {"covered_lines": 14, "num_statements": 14, "percent_covered": 100.0, "percent_covered_display": "100", "missing_lines": 0, "excluded_lines": 0}, "missing_lines": [], "excluded_lines": [], "functions": {"is_multiply_prime": {"executed_lines": [11, 17, 18, 19, 20, 21, 22, 23, 24], "summary": {"covered_lines": 9, "num_statements": 9, "percent_covered": 100.0, "percent_covered_display": "100", "missing_lines": 0, "excluded_lines": 0}, "missing_lines": [], "excluded_lines": []}, "is_multiply_prime.is_prime": {"executed_lines": [12, 13, 14, 15], "summary": {"covered_lines": 4, "num_statements": 4, "percent_covered": 100.0, "percent_covered_display": "100", "missing_lines": 0, "excluded_lines": 0}, "missing_lines": [], "excluded_lines": []}, "": {"executed_lines": [2], "summary": {"covered_lines": 1, "num_statements": 1, "percent_covered": 100.0, "percent_covered_display": "100", "missing_lines": 0, "excluded_lines": 0}, "missing_lines": [], "excluded_lines": []}}, "classes": {"": {"executed_lines": [2, 11, 12, 13, 14, 15, 17, 18, 19, 20, 21, 22, 23, 24], "summary": {"covered_lines": 14, "num_statements": 14, "percent_covered": 100.0, "percent_covered_display": "100", "missing_lines": 0, "excluded_lines": 0}, "missing_lines": [], "excluded_lines": []}}}}, "totals": {"covered_lines": 14, "num_statements": 14, "percent_covered": 100.0, "percent_covered_display": "100", "missing_lines": 0, "excluded_lines": 0}}
============================= test session starts ==============================
platform linux -- Python 3.12.12, pytest-8.4.2, pluggy-1.6.0
rootdir: /content/CS598JBR-Team-26/MP2
plugins: cov-7.0.0, anyio-4.11.0, langsmith-0.4.35, typeguard-4.4.4
collected 8 items

HumanEval_42_test.py ........                                            [100%]

================================ tests coverage ================================
_______________ coverage: platform linux, python 3.12.12-final-0 _______________

Coverage JSON written to file Coverage/HumanEval_42_test_crafted.json
============================== 8 passed in 0.07s ===============================


Task_ID HumanEval/42:
prompt:
You are an AI programming assistant, utilizing the DeepSeek Coder model, developed by DeepSeek Company, and you only answer questions related to computer science. For politically sensitive questions, security and privacy issues, and other non-computer science questions, you will refuse to answer.

### Instruction:
Generate a pytest test suite for the following code.

Only write unit tests in the output and nothing else.Import the function from the module `HumanEval_42.py` instead of redefining it.

The input code includes the full function definition (signature + body).
Only write unit tests. Do not include explanations, comments, or extra text.

### Test Requirements:
- Write multiple test functions (e.g., `def test_case_1():`, `def test_case_2():`).
- Cover at least 5 cases including typical inputs, edge cases, empty inputs, negative inputs, and unusual inputs.
- Ensure high branch and line coverage; include all execution paths.


def incr_list(l: list):
    """Return list with elements incremented by 1.
    >>> incr_list([1, 2, 3])
    [2, 3, 4]
    >>> incr_list([5, 3, 5, 2, 3, 3, 9, 0, 123])
    [6, 4, 6, 3, 4, 4, 10, 1, 124]
    """

    return [(e + 1) for e in l]


### Response:

response:
import pytest
from HumanEval_42 import incr_list

def test_case_1():
    assert incr_list([1, 2, 3]) == [2, 3, 4]

def test_case_2():
    assert incr_list([5, 3, 5, 2, 3, 3, 9, 0, 123]) == [6, 4, 6, 3, 4, 4, 10, 1, 124]

def test_case_3():
    assert incr_list([0]) == [1]

def test_case_4():
    assert incr_list([-1, -2, -3]) == [0, -1, -2]

def test_case_5():
    assert incr_list([]) == []

def test_case_6():
    assert incr_list([-1]) == [0]

def test_case_7():
    assert incr_list([100, 200, 300]) == [101, 201, 301]

def test_case_8():
    assert incr_list([-100, -200, -300]) == [-99, -199, -299]
coverage:
{"meta": {"format": 3, "version": "7.11.0", "timestamp": "2025-10-19T23:28:24.804305", "branch_coverage": false, "show_contexts": false}, "files": {"HumanEval_42.py": {"executed_lines": [3, 11], "summary": {"covered_lines": 2, "num_statements": 2, "percent_covered": 100.0, "percent_covered_display": "100", "missing_lines": 0, "excluded_lines": 0}, "missing_lines": [], "excluded_lines": [], "functions": {"incr_list": {"executed_lines": [11], "summary": {"covered_lines": 1, "num_statements": 1, "percent_covered": 100.0, "percent_covered_display": "100", "missing_lines": 0, "excluded_lines": 0}, "missing_lines": [], "excluded_lines": []}, "": {"executed_lines": [3], "summary": {"covered_lines": 1, "num_statements": 1, "percent_covered": 100.0, "percent_covered_display": "100", "missing_lines": 0, "excluded_lines": 0}, "missing_lines": [], "excluded_lines": []}}, "classes": {"": {"executed_lines": [3, 11], "summary": {"covered_lines": 2, "num_statements": 2, "percent_covered": 100.0, "percent_covered_display": "100", "missing_lines": 0, "excluded_lines": 0}, "missing_lines": [], "excluded_lines": []}}}}, "totals": {"covered_lines": 2, "num_statements": 2, "percent_covered": 100.0, "percent_covered_display": "100", "missing_lines": 0, "excluded_lines": 0}}Setting `pad_token_id` to `eos_token_id`:32021 for open-end generation.
Setting `pad_token_id` to `eos_token_id`:32021 for open-end generation.

============================= test session starts ==============================
platform linux -- Python 3.12.12, pytest-8.4.2, pluggy-1.6.0
rootdir: /content/CS598JBR-Team-26/MP2
plugins: cov-7.0.0, anyio-4.11.0, langsmith-0.4.35, typeguard-4.4.4
collected 10 items

HumanEval_154_test.py ......FF..                                         [100%]

=================================== FAILURES ===================================
_________________________________ test_case_7 __________________________________

    def test_case_7():
>       assert cycpattern_check("","") == False
E       AssertionError: assert True == False
E        +  where True = cycpattern_check('', '')

HumanEval_154_test.py:22: AssertionError
_________________________________ test_case_8 __________________________________

    def test_case_8():
>       assert cycpattern_check("a","") == False
E       AssertionError: assert True == False
E        +  where True = cycpattern_check('a', '')

HumanEval_154_test.py:25: AssertionError
================================ tests coverage ================================
_______________ coverage: platform linux, python 3.12.12-final-0 _______________

Coverage JSON written to file Coverage/HumanEval_154_test_crafted.json
=========================== short test summary info ============================
FAILED HumanEval_154_test.py::test_case_7 - AssertionError: assert True == False
FAILED HumanEval_154_test.py::test_case_8 - AssertionError: assert True == False
========================= 2 failed, 8 passed in 0.08s ==========================


Task_ID HumanEval/154:
prompt:
You are an AI programming assistant, utilizing the DeepSeek Coder model, developed by DeepSeek Company, and you only answer questions related to computer science. For politically sensitive questions, security and privacy issues, and other non-computer science questions, you will refuse to answer.

### Instruction:
Generate a pytest test suite for the following code.

Only write unit tests in the output and nothing else.Import the function from the module `HumanEval_154.py` instead of redefining it.

The input code includes the full function definition (signature + body).
Only write unit tests. Do not include explanations, comments, or extra text.

### Test Requirements:
- Write multiple test functions (e.g., `def test_case_1():`, `def test_case_2():`).
- Cover at least 5 cases including typical inputs, edge cases, empty inputs, negative inputs, and unusual inputs.
- Ensure high branch and line coverage; include all execution paths.

def cycpattern_check(a , b):
    """You are given 2 words. You need to return True if the second word or any of its rotations is a substring in the first word
    cycpattern_check("abcd","abd") => False
    cycpattern_check("hello","ell") => True
    cycpattern_check("whassup","psus") => False
    cycpattern_check("abab","baa") => True
    cycpattern_check("efef","eeff") => False
    cycpattern_check("himenss","simen") => True

    """

    l = len(b)
    pat = b + b
    for i in range(len(a) - l + 1):
        for j in range(l + 1):
            if a[i:i+l] == pat[j:j+l]:
                return True
    return False


### Response:

response:
from HumanEval_154 import cycpattern_check

def test_case_1():
    assert cycpattern_check("abcd","abd") == False

def test_case_2():
    assert cycpattern_check("hello","ell") == True

def test_case_3():
    assert cycpattern_check("whassup","psus") == False

def test_case_4():
    assert cycpattern_check("abab","baa") == True

def test_case_5():
    assert cycpattern_check("efef","eeff") == False

def test_case_6():
    assert cycpattern_check("himenss","simen") == True

def test_case_7():
    assert cycpattern_check("","") == False

def test_case_8():
    assert cycpattern_check("a","") == False

def test_case_9():
    assert cycpattern_check("","b") == False

def test_case_10():
    assert cycpattern_check("a","b") == False
coverage:
{"meta": {"format": 3, "version": "7.11.0", "timestamp": "2025-10-19T23:28:43.465523", "branch_coverage": false, "show_contexts": false}, "files": {"HumanEval_154.py": {"executed_lines": [2, 13, 14, 15, 16, 17, 18, 19], "summary": {"covered_lines": 8, "num_statements": 8, "percent_covered": 100.0, "percent_covered_display": "100", "missing_lines": 0, "excluded_lines": 0}, "missing_lines": [], "excluded_lines": [], "functions": {"cycpattern_check": {"executed_lines": [13, 14, 15, 16, 17, 18, 19], "summary": {"covered_lines": 7, "num_statements": 7, "percent_covered": 100.0, "percent_covered_display": "100", "missing_lines": 0, "excluded_lines": 0}, "missing_lines": [], "excluded_lines": []}, "": {"executed_lines": [2], "summary": {"covered_lines": 1, "num_statements": 1, "percent_covered": 100.0, "percent_covered_display": "100", "missing_lines": 0, "excluded_lines": 0}, "missing_lines": [], "excluded_lines": []}}, "classes": {"": {"executed_lines": [2, 13, 14, 15, 16, 17, 18, 19], "summary": {"covered_lines": 8, "num_statements": 8, "percent_covered": 100.0, "percent_covered_display": "100", "missing_lines": 0, "excluded_lines": 0}, "missing_lines": [], "excluded_lines": []}}}}, "totals": {"covered_lines": 8, "num_statements": 8, "percent_covered": 100.0, "percent_covered_display": "100", "missing_lines": 0, "excluded_lines": 0}}
============================= test session starts ==============================
platform linux -- Python 3.12.12, pytest-8.4.2, pluggy-1.6.0
rootdir: /content/CS598JBR-Team-26/MP2
plugins: cov-7.0.0, anyio-4.11.0, langsmith-0.4.35, typeguard-4.4.4
collected 10 items

HumanEval_137_test.py .....F.F..                                         [100%]

=================================== FAILURES ===================================
_________________________________ test_case_6 __________________________________

    def test_case_6():
>       assert compare_one("0.1", "0,1") == "0,1"
E       AssertionError: assert None == '0,1'
E        +  where None = compare_one('0.1', '0,1')

HumanEval_137_test.py:19: AssertionError
_________________________________ test_case_8 __________________________________

    def test_case_8():
>       assert compare_one("-1", "-5.6") == "-5.6"
E       AssertionError: assert '-1' == '-5.6'
E         
E         - -5.6
E         + -1

HumanEval_137_test.py:25: AssertionError
================================ tests coverage ================================
_______________ coverage: platform linux, python 3.12.12-final-0 _______________

Coverage JSON written to file Coverage/HumanEval_137_test_crafted.json
=========================== short test summary info ============================
FAILED HumanEval_137_test.py::test_case_6 - AssertionError: assert None == '0,1'
FAILED HumanEval_137_test.py::test_case_8 - AssertionError: assert '-1' == '-...
========================= 2 failed, 8 passed in 0.08s ==========================


Task_ID HumanEval/137:
prompt:
You are an AI programming assistant, utilizing the DeepSeek Coder model, developed by DeepSeek Company, and you only answer questions related to computer science. For politically sensitive questions, security and privacy issues, and other non-computer science questions, you will refuse to answer.

### Instruction:
Generate a pytest test suite for the following code.

Only write unit tests in the output and nothing else.Import the function from the module `HumanEval_137.py` instead of redefining it.

The input code includes the full function definition (signature + body).
Only write unit tests. Do not include explanations, comments, or extra text.

### Test Requirements:
- Write multiple test functions (e.g., `def test_case_1():`, `def test_case_2():`).
- Cover at least 5 cases including typical inputs, edge cases, empty inputs, negative inputs, and unusual inputs.
- Ensure high branch and line coverage; include all execution paths.

def compare_one(a, b):
    """
    Create a function that takes integers, floats, or strings representing
    real numbers, and returns the larger variable in its given variable type.
    Return None if the values are equal.
    Note: If a real number is represented as a string, the floating point might be . or ,

    compare_one(1, 2.5) ➞ 2.5
    compare_one(1, "2,3") ➞ "2,3"
    compare_one("5,1", "6") ➞ "6"
    compare_one("1", 1) ➞ None
    """

    temp_a, temp_b = a, b
    if isinstance(temp_a, str): temp_a = temp_a.replace(',','.')
    if isinstance(temp_b, str): temp_b = temp_b.replace(',','.')
    if float(temp_a) == float(temp_b): return None
    return a if float(temp_a) > float(temp_b) else b 


### Response:

response:
from HumanEval_137 import compare_one

def test_case_1():
    assert compare_one(1, 2.5) == 2.5

def test_case_2():
    assert compare_one(1, "2.3") == "2.3"

def test_case_3():
    assert compare_one("5.1", "6") == "6"

def test_case_4():
    assert compare_one("1", 1) == None

def test_case_5():
    assert compare_one(2, 2) == None

def test_case_6():
    assert compare_one("0.1", "0,1") == "0,1"

def test_case_7():
    assert compare_one(-1, 1) == 1

def test_case_8():
    assert compare_one("-1", "-5.6") == "-5.6"

def test_case_9():
    assert compare_one("1", "-1") == "1"

def test_case_10():
    assert compare_one(-1, -5.6) == -1
coverage:
{"meta": {"format": 3, "version": "7.11.0", "timestamp": "2025-10-19T23:29:03.407112", "branch_coverage": false, "show_contexts": false}, "files": {"HumanEval_137.py": {"executed_lines": [2, 15, 16, 17, 18, 19], "summary": {"covered_lines": 6, "num_statements": 6, "percent_covered": 100.0, "percent_covered_display": "100", "missing_lines": 0, "excluded_lines": 0}, "missing_lines": [], "excluded_lines": [], "functions": {"compare_one": {"executed_lines": [15, 16, 17, 18, 19], "summary": {"covered_lines": 5, "num_statements": 5, "percent_covered": 100.0, "percent_covered_display": "100", "missing_lines": 0, "excluded_lines": 0}, "missing_lines": [], "excluded_lines": []}, "": {"executed_lines": [2], "summary": {"covered_lines": 1, "num_statements": 1, "percent_covered": 100.0, "percent_covered_display": "100", "missing_lines": 0, "excluded_lines": 0}, "missing_lines": [], "excluded_lines": []}}, "classes": {"": {"executed_lines": [2, 15, 16, 17, 18, 19], "summary": {"covered_lines": 6, "num_statements": 6, "percent_covered": 100.0, "percent_covered_display": "100", "missing_lines": 0, "excluded_lines": 0}, "missing_lines": [], "excluded_lines": []}}}}, "totals": {"covered_lines": 6, "num_statements": 6, "percent_covered": 100.0, "percent_covered_display": "100", "missing_lines": 0, "excluded_lines": 0}}Setting `pad_token_id` to `eos_token_id`:32021 for open-end generation.
Setting `pad_token_id` to `eos_token_id`:32021 for open-end generation.

============================= test session starts ==============================
platform linux -- Python 3.12.12, pytest-8.4.2, pluggy-1.6.0
rootdir: /content/CS598JBR-Team-26/MP2
plugins: cov-7.0.0, anyio-4.11.0, langsmith-0.4.35, typeguard-4.4.4
collected 14 items

HumanEval_126_test.py ..........F.F.                                     [100%]

=================================== FAILURES ===================================
_________________________________ test_case_11 _________________________________

    def test_case_11():
>       assert is_sorted([1, 2, 3, 3, 4, 5]) == False
E       assert True == False
E        +  where True = is_sorted([1, 2, 3, 3, 4, 5])

HumanEval_126_test.py:35: AssertionError
_________________________________ test_case_13 _________________________________

    def test_case_13():
>       assert is_sorted([1, 1, 2, 3, 4, 5]) == False
E       assert True == False
E        +  where True = is_sorted([1, 1, 2, 3, 4, 5])

HumanEval_126_test.py:41: AssertionError
================================ tests coverage ================================
_______________ coverage: platform linux, python 3.12.12-final-0 _______________

Coverage JSON written to file Coverage/HumanEval_126_test_crafted.json
=========================== short test summary info ============================
FAILED HumanEval_126_test.py::test_case_11 - assert True == False
FAILED HumanEval_126_test.py::test_case_13 - assert True == False
========================= 2 failed, 12 passed in 0.09s =========================


Task_ID HumanEval/126:
prompt:
You are an AI programming assistant, utilizing the DeepSeek Coder model, developed by DeepSeek Company, and you only answer questions related to computer science. For politically sensitive questions, security and privacy issues, and other non-computer science questions, you will refuse to answer.

### Instruction:
Generate a pytest test suite for the following code.

Only write unit tests in the output and nothing else.Import the function from the module `HumanEval_126.py` instead of redefining it.

The input code includes the full function definition (signature + body).
Only write unit tests. Do not include explanations, comments, or extra text.

### Test Requirements:
- Write multiple test functions (e.g., `def test_case_1():`, `def test_case_2():`).
- Cover at least 5 cases including typical inputs, edge cases, empty inputs, negative inputs, and unusual inputs.
- Ensure high branch and line coverage; include all execution paths.

def is_sorted(lst):
    '''
    Given a list of numbers, return whether or not they are sorted
    in ascending order. If list has more than 1 duplicate of the same
    number, return False. Assume no negative numbers and only integers.

    Examples
    is_sorted([5]) ➞ True
    is_sorted([1, 2, 3, 4, 5]) ➞ True
    is_sorted([1, 3, 2, 4, 5]) ➞ False
    is_sorted([1, 2, 3, 4, 5, 6]) ➞ True
    is_sorted([1, 2, 3, 4, 5, 6, 7]) ➞ True
    is_sorted([1, 3, 2, 4, 5, 6, 7]) ➞ False
    is_sorted([1, 2, 2, 3, 3, 4]) ➞ True
    is_sorted([1, 2, 2, 2, 3, 4]) ➞ False
    '''

    count_digit = dict([(i, 0) for i in lst])
    for i in lst:
        count_digit[i]+=1 
    if any(count_digit[i] > 2 for i in lst):
        return False
    if all(lst[i-1] <= lst[i] for i in range(1, len(lst))):
        return True
    else:
        return False
    
    


### Response:

response:
import pytest
from HumanEval_126 import is_sorted

def test_case_1():
    assert is_sorted([5]) == True

def test_case_2():
    assert is_sorted([1, 2, 3, 4, 5]) == True

def test_case_3():
    assert is_sorted([1, 3, 2, 4, 5]) == False

def test_case_4():
    assert is_sorted([1, 2, 3, 4, 5, 6]) == True

def test_case_5():
    assert is_sorted([1, 2, 3, 4, 5, 6, 7]) == True

def test_case_6():
    assert is_sorted([1, 3, 2, 4, 5, 6, 7]) == False

def test_case_7():
    assert is_sorted([1, 2, 2, 3, 3, 4]) == True

def test_case_8():
    assert is_sorted([1, 2, 2, 2, 3, 4]) == False

def test_case_9():
    assert is_sorted([1, 1, 2, 2, 3, 4]) == True

def test_case_10():
    assert is_sorted([1, 2, 1, 3, 4, 5]) == False

def test_case_11():
    assert is_sorted([1, 2, 3, 3, 4, 5]) == False

def test_case_12():
    assert is_sorted([1, 2, 3, 4, 4, 5]) == True

def test_case_13():
    assert is_sorted([1, 1, 2, 3, 4, 5]) == False

def test_case_14():
    assert is_sorted([1, 1, 2, 2, 3, 3]) == True
coverage:
{"meta": {"format": 3, "version": "7.11.0", "timestamp": "2025-10-19T23:29:38.379406", "branch_coverage": false, "show_contexts": false}, "files": {"HumanEval_126.py": {"executed_lines": [2, 19, 20, 21, 22, 23, 24, 25, 27], "summary": {"covered_lines": 9, "num_statements": 9, "percent_covered": 100.0, "percent_covered_display": "100", "missing_lines": 0, "excluded_lines": 0}, "missing_lines": [], "excluded_lines": [], "functions": {"is_sorted": {"executed_lines": [19, 20, 21, 22, 23, 24, 25, 27], "summary": {"covered_lines": 8, "num_statements": 8, "percent_covered": 100.0, "percent_covered_display": "100", "missing_lines": 0, "excluded_lines": 0}, "missing_lines": [], "excluded_lines": []}, "": {"executed_lines": [2], "summary": {"covered_lines": 1, "num_statements": 1, "percent_covered": 100.0, "percent_covered_display": "100", "missing_lines": 0, "excluded_lines": 0}, "missing_lines": [], "excluded_lines": []}}, "classes": {"": {"executed_lines": [2, 19, 20, 21, 22, 23, 24, 25, 27], "summary": {"covered_lines": 9, "num_statements": 9, "percent_covered": 100.0, "percent_covered_display": "100", "missing_lines": 0, "excluded_lines": 0}, "missing_lines": [], "excluded_lines": []}}}}, "totals": {"covered_lines": 9, "num_statements": 9, "percent_covered": 100.0, "percent_covered_display": "100", "missing_lines": 0, "excluded_lines": 0}}
============================= test session starts ==============================
platform linux -- Python 3.12.12, pytest-8.4.2, pluggy-1.6.0
rootdir: /content/CS598JBR-Team-26/MP2
plugins: cov-7.0.0, anyio-4.11.0, langsmith-0.4.35, typeguard-4.4.4
collected 10 items

HumanEval_140_test.py ....F.FFFF                                         [100%]

=================================== FAILURES ===================================
_________________________________ test_case_5 __________________________________

    def test_case_5():
>       assert fix_spaces("  Example  4") == "--Example-4"
E       AssertionError: assert '__Example__4' == '--Example-4'
E         
E         - --Example-4
E         + __Example__4

HumanEval_140_test.py:17: AssertionError
_________________________________ test_case_7 __________________________________

    def test_case_7():
>       assert fix_spaces("  ") == "--"
E       AssertionError: assert '_' == '--'
E         
E         - --
E         + _

HumanEval_140_test.py:23: AssertionError
_________________________________ test_case_8 __________________________________

    def test_case_8():
>       assert fix_spaces("   Example  5") == "---Example-5"
E       AssertionError: assert '-Example__5' == '---Example-5'
E         
E         - ---Example-5
E         ? --        ^
E         + -Example__5
E         ?         ^^

HumanEval_140_test.py:26: AssertionError
_________________________________ test_case_9 __________________________________

    def test_case_9():
>       assert fix_spaces("    Example    6") == "----Example--6"
E       AssertionError: assert '-Example-6' == '----Example--6'
E         
E         - ----Example--6
E         ? ---         -
E         + -Example-6

HumanEval_140_test.py:29: AssertionError
_________________________________ test_case_10 _________________________________

    def test_case_10():
>       assert fix_spaces("     Example     7") == "-----Example---7"
E       AssertionError: assert '-Example-7' == '-----Example---7'
E         
E         - -----Example---7
E         ? ----         --
E         + -Example-7

HumanEval_140_test.py:32: AssertionError
================================ tests coverage ================================
_______________ coverage: platform linux, python 3.12.12-final-0 _______________

Coverage JSON written to file Coverage/HumanEval_140_test_crafted.json
=========================== short test summary info ============================
FAILED HumanEval_140_test.py::test_case_5 - AssertionError: assert '__Example...
FAILED HumanEval_140_test.py::test_case_7 - AssertionError: assert '_' == '--'
FAILED HumanEval_140_test.py::test_case_8 - AssertionError: assert '-Example_...
FAILED HumanEval_140_test.py::test_case_9 - AssertionError: assert '-Example-...
FAILED HumanEval_140_test.py::test_case_10 - AssertionError: assert '-Example...
========================= 5 failed, 5 passed in 0.09s ==========================
Setting `pad_token_id` to `eos_token_id`:32021 for open-end generation.


Task_ID HumanEval/140:
prompt:
You are an AI programming assistant, utilizing the DeepSeek Coder model, developed by DeepSeek Company, and you only answer questions related to computer science. For politically sensitive questions, security and privacy issues, and other non-computer science questions, you will refuse to answer.

### Instruction:
Generate a pytest test suite for the following code.

Only write unit tests in the output and nothing else.Import the function from the module `HumanEval_140.py` instead of redefining it.

The input code includes the full function definition (signature + body).
Only write unit tests. Do not include explanations, comments, or extra text.

### Test Requirements:
- Write multiple test functions (e.g., `def test_case_1():`, `def test_case_2():`).
- Cover at least 5 cases including typical inputs, edge cases, empty inputs, negative inputs, and unusual inputs.
- Ensure high branch and line coverage; include all execution paths.

def fix_spaces(text):
    """
    Given a string text, replace all spaces in it with underscores, 
    and if a string has more than 2 consecutive spaces, 
    then replace all consecutive spaces with - 
    
    fix_spaces("Example") == "Example"
    fix_spaces("Example 1") == "Example_1"
    fix_spaces(" Example 2") == "_Example_2"
    fix_spaces(" Example   3") == "_Example-3"
    """

    new_text = ""
    i = 0
    start, end = 0, 0
    while i < len(text):
        if text[i] == " ":
            end += 1
        else:
            if end - start > 2:
                new_text += "-"+text[i]
            elif end - start > 0:
                new_text += "_"*(end - start)+text[i]
            else:
                new_text += text[i]
            start, end = i+1, i+1
        i+=1
    if end - start > 2:
        new_text += "-"
    elif end - start > 0:
        new_text += "_"
    return new_text


### Response:

response:
import pytest
from HumanEval_140 import fix_spaces

def test_case_1():
    assert fix_spaces("Example") == "Example"

def test_case_2():
    assert fix_spaces("Example 1") == "Example_1"

def test_case_3():
    assert fix_spaces(" Example 2") == "_Example_2"

def test_case_4():
    assert fix_spaces(" Example   3") == "_Example-3"

def test_case_5():
    assert fix_spaces("  Example  4") == "--Example-4"

def test_case_6():
    assert fix_spaces("") == ""

def test_case_7():
    assert fix_spaces("  ") == "--"

def test_case_8():
    assert fix_spaces("   Example  5") == "---Example-5"

def test_case_9():
    assert fix_spaces("    Example    6") == "----Example--6"

def test_case_10():
    assert fix_spaces("     Example     7") == "-----Example---7"
coverage:
{"meta": {"format": 3, "version": "7.11.0", "timestamp": "2025-10-19T23:29:58.618361", "branch_coverage": false, "show_contexts": false}, "files": {"HumanEval_140.py": {"executed_lines": [2, 14, 15, 16, 17, 18, 19, 21, 22, 23, 24, 26, 27, 28, 29, 31, 32, 33], "summary": {"covered_lines": 18, "num_statements": 19, "percent_covered": 94.73684210526316, "percent_covered_display": "95", "missing_lines": 1, "excluded_lines": 0}, "missing_lines": [30], "excluded_lines": [], "functions": {"fix_spaces": {"executed_lines": [14, 15, 16, 17, 18, 19, 21, 22, 23, 24, 26, 27, 28, 29, 31, 32, 33], "summary": {"covered_lines": 17, "num_statements": 18, "percent_covered": 94.44444444444444, "percent_covered_display": "94", "missing_lines": 1, "excluded_lines": 0}, "missing_lines": [30], "excluded_lines": []}, "": {"executed_lines": [2], "summary": {"covered_lines": 1, "num_statements": 1, "percent_covered": 100.0, "percent_covered_display": "100", "missing_lines": 0, "excluded_lines": 0}, "missing_lines": [], "excluded_lines": []}}, "classes": {"": {"executed_lines": [2, 14, 15, 16, 17, 18, 19, 21, 22, 23, 24, 26, 27, 28, 29, 31, 32, 33], "summary": {"covered_lines": 18, "num_statements": 19, "percent_covered": 94.73684210526316, "percent_covered_display": "95", "missing_lines": 1, "excluded_lines": 0}, "missing_lines": [30], "excluded_lines": []}}}}, "totals": {"covered_lines": 18, "num_statements": 19, "percent_covered": 94.73684210526316, "percent_covered_display": "95", "missing_lines": 1, "excluded_lines": 0}}
============================= test session starts ==============================
platform linux -- Python 3.12.12, pytest-8.4.2, pluggy-1.6.0
rootdir: /content/CS598JBR-Team-26/MP2
plugins: cov-7.0.0, anyio-4.11.0, langsmith-0.4.35, typeguard-4.4.4
collected 0 items / 1 error

==================================== ERRORS ====================================
____________________ ERROR collecting HumanEval_88_test.py _____________________
/usr/local/lib/python3.12/dist-packages/_pytest/python.py:498: in importtestmodule
    mod = import_path(
/usr/local/lib/python3.12/dist-packages/_pytest/pathlib.py:587: in import_path
    importlib.import_module(module_name)
/usr/lib/python3.12/importlib/__init__.py:90: in import_module
    return _bootstrap._gcd_import(name[level:], package, level)
           ^^^^^^^^^^^^^^^^^^^^^^^^^^^^^^^^^^^^^^^^^^^^^^^^^^^^
<frozen importlib._bootstrap>:1387: in _gcd_import
    ???
<frozen importlib._bootstrap>:1360: in _find_and_load
    ???
<frozen importlib._bootstrap>:1331: in _find_and_load_unlocked
    ???
<frozen importlib._bootstrap>:935: in _load_unlocked
    ???
/usr/local/lib/python3.12/dist-packages/_pytest/assertion/rewrite.py:177: in exec_module
    source_stat, co = _rewrite_test(fn, self.config)
                      ^^^^^^^^^^^^^^^^^^^^^^^^^^^^^^
/usr/local/lib/python3.12/dist-packages/_pytest/assertion/rewrite.py:357: in _rewrite_test
    tree = ast.parse(source, filename=strfn)
           ^^^^^^^^^^^^^^^^^^^^^^^^^^^^^^^^^
/usr/lib/python3.12/ast.py:52: in parse
    return compile(source, filename, mode, flags,
E     File "/content/CS598JBR-Team-26/MP2/HumanEval_88_test.py", line 32
E       assert sort_array([1, 2, 3, 4, 5, 6, 7, 8, 9, 10]) == [1
E                                                             ^
E   SyntaxError: '[' was never closed
=========================== short test summary info ============================
ERROR HumanEval_88_test.py
!!!!!!!!!!!!!!!!!!!! Interrupted: 1 error during collection !!!!!!!!!!!!!!!!!!!!
=============================== 1 error in 0.36s ===============================


Task_ID HumanEval/88:
prompt:
You are an AI programming assistant, utilizing the DeepSeek Coder model, developed by DeepSeek Company, and you only answer questions related to computer science. For politically sensitive questions, security and privacy issues, and other non-computer science questions, you will refuse to answer.

### Instruction:
Generate a pytest test suite for the following code.

Only write unit tests in the output and nothing else.Import the function from the module `HumanEval_88.py` instead of redefining it.

The input code includes the full function definition (signature + body).
Only write unit tests. Do not include explanations, comments, or extra text.

### Test Requirements:
- Write multiple test functions (e.g., `def test_case_1():`, `def test_case_2():`).
- Cover at least 5 cases including typical inputs, edge cases, empty inputs, negative inputs, and unusual inputs.
- Ensure high branch and line coverage; include all execution paths.

def sort_array(array):
    """
    Given an array of non-negative integers, return a copy of the given array after sorting,
    you will sort the given array in ascending order if the sum( first index value, last index value) is odd,
    or sort it in descending order if the sum( first index value, last index value) is even.

    Note:
    * don't change the given array.

    Examples:
    * sort_array([]) => []
    * sort_array([5]) => [5]
    * sort_array([2, 4, 3, 0, 1, 5]) => [0, 1, 2, 3, 4, 5]
    * sort_array([2, 4, 3, 0, 1, 5, 6]) => [6, 5, 4, 3, 2, 1, 0]
    """

    return [] if len(array) == 0 else sorted(array, reverse= (array[0]+array[-1]) % 2 == 0) 


### Response:

response:
import pytest
from HumanEval_88 import sort_array

def test_case_1():
    assert sort_array([]) == []

def test_case_2():
    assert sort_array([5]) == [5]

def test_case_3():
    assert sort_array([2, 4, 3, 0, 1, 5]) == [0, 1, 2, 3, 4, 5]

def test_case_4():
    assert sort_array([2, 4, 3, 0, 1, 5, 6]) == [6, 5, 4, 3, 2, 1, 0]

def test_case_5():
    assert sort_array([1, 2, 3, 4, 5]) == [1, 2, 3, 4, 5]

def test_case_6():
    assert sort_array([5, 4, 3, 2, 1]) == [5, 4, 3, 2, 1]

def test_case_7():
    assert sort_array([1, 2, 3, 4, 5, 6]) == [6, 5, 4, 3, 2, 1]

def test_case_8():
    assert sort_array([6, 5, 4, 3, 2, 1]) == [6, 5, 4, 3, 2, 1]

def test_case_9():
    assert sort_array([10, 9, 8, 7, 6, 5, 4, 3, 2, 1]) == [10, 9, 8, 7, 6, 5, 4, 3, 2, 1]

def test_case_10():
    assert sort_array([1, 2, 3, 4, 5, 6, 7, 8, 9, 10]) == [1
coverage:
OKSetting `pad_token_id` to `eos_token_id`:32021 for open-end generation.
Setting `pad_token_id` to `eos_token_id`:32021 for open-end generation.

============================= test session starts ==============================
platform linux -- Python 3.12.12, pytest-8.4.2, pluggy-1.6.0
rootdir: /content/CS598JBR-Team-26/MP2
plugins: cov-7.0.0, anyio-4.11.0, langsmith-0.4.35, typeguard-4.4.4
collected 5 items

HumanEval_17_test.py .F.FF                                               [100%]

=================================== FAILURES ===================================
_________________________________ test_case_2 __________________________________

    def test_case_2():
>       assert parse_music('o o| o| o| o| o| o| o| o| o|') == [4, 2, 2, 2, 2, 2, 2, 2, 2, 2, 4]
E       assert [4, 2, 2, 2, 2, 2, ...] == [4, 2, 2, 2, 2, 2, ...]
E         
E         Right contains one more item: 4
E         Use -v to get more diff

HumanEval_17_test.py:8: AssertionError
_________________________________ test_case_4 __________________________________

    def test_case_4():
>       assert parse_music('o o| .| o| .| .| .| .| .| .| .|') == [4, 2, 1, 2, 1, 1, 1, 1, 1, 1]
E       assert [4, 2, 1, 2, 1, 1, ...] == [4, 2, 1, 2, 1, 1, ...]
E         
E         Left contains one more item: 1
E         Use -v to get more diff

HumanEval_17_test.py:14: AssertionError
_________________________________ test_case_5 __________________________________

    def test_case_5():
>       assert parse_music('o| o| o| o| o| o| o| o| o| o|') == [2, 2, 2, 2, 2, 2, 2, 2, 2, 2, 2]
E       assert [2, 2, 2, 2, 2, 2, ...] == [2, 2, 2, 2, 2, 2, ...]
E         
E         Right contains one more item: 2
E         Use -v to get more diff

HumanEval_17_test.py:17: AssertionError
================================ tests coverage ================================
_______________ coverage: platform linux, python 3.12.12-final-0 _______________

Coverage JSON written to file Coverage/HumanEval_17_test_crafted.json
=========================== short test summary info ============================
FAILED HumanEval_17_test.py::test_case_2 - assert [4, 2, 2, 2, 2, 2, ...] == ...
FAILED HumanEval_17_test.py::test_case_4 - assert [4, 2, 1, 2, 1, 1, ...] == ...
FAILED HumanEval_17_test.py::test_case_5 - assert [2, 2, 2, 2, 2, 2, ...] == ...
========================= 3 failed, 2 passed in 0.07s ==========================


Task_ID HumanEval/17:
prompt:
You are an AI programming assistant, utilizing the DeepSeek Coder model, developed by DeepSeek Company, and you only answer questions related to computer science. For politically sensitive questions, security and privacy issues, and other non-computer science questions, you will refuse to answer.

### Instruction:
Generate a pytest test suite for the following code.

Only write unit tests in the output and nothing else.Import the function from the module `HumanEval_17.py` instead of redefining it.

The input code includes the full function definition (signature + body).
Only write unit tests. Do not include explanations, comments, or extra text.

### Test Requirements:
- Write multiple test functions (e.g., `def test_case_1():`, `def test_case_2():`).
- Cover at least 5 cases including typical inputs, edge cases, empty inputs, negative inputs, and unusual inputs.
- Ensure high branch and line coverage; include all execution paths.
from typing import List


def parse_music(music_string: str) -> List[int]:
    """ Input to this function is a string representing musical notes in a special ASCII format.
    Your task is to parse this string and return list of integers corresponding to how many beats does each
    not last.

    Here is a legend:
    'o' - whole note, lasts four beats
    'o|' - half note, lasts two beats
    '.|' - quater note, lasts one beat

    >>> parse_music('o o| .| o| o| .| .| .| .| o o')
    [4, 2, 1, 2, 2, 1, 1, 1, 1, 4, 4]
    """

    note_map = {'o': 4, 'o|': 2, '.|': 1}
    return [note_map[x] for x in music_string.split(' ') if x]


### Response:

response:
import pytest
from HumanEval_17 import parse_music

def test_case_1():
    assert parse_music('o o| .| o| o| .| .| .| .| o o') == [4, 2, 1, 2, 2, 1, 1, 1, 1, 4, 4]

def test_case_2():
    assert parse_music('o o| o| o| o| o| o| o| o| o|') == [4, 2, 2, 2, 2, 2, 2, 2, 2, 2, 4]

def test_case_3():
    assert parse_music('') == []

def test_case_4():
    assert parse_music('o o| .| o| .| .| .| .| .| .| .|') == [4, 2, 1, 2, 1, 1, 1, 1, 1, 1]

def test_case_5():
    assert parse_music('o| o| o| o| o| o| o| o| o| o|') == [2, 2, 2, 2, 2, 2, 2, 2, 2, 2, 2]
coverage:
{"meta": {"format": 3, "version": "7.11.0", "timestamp": "2025-10-19T23:30:57.070665", "branch_coverage": false, "show_contexts": false}, "files": {"HumanEval_17.py": {"executed_lines": [1, 4, 18, 19], "summary": {"covered_lines": 4, "num_statements": 4, "percent_covered": 100.0, "percent_covered_display": "100", "missing_lines": 0, "excluded_lines": 0}, "missing_lines": [], "excluded_lines": [], "functions": {"parse_music": {"executed_lines": [18, 19], "summary": {"covered_lines": 2, "num_statements": 2, "percent_covered": 100.0, "percent_covered_display": "100", "missing_lines": 0, "excluded_lines": 0}, "missing_lines": [], "excluded_lines": []}, "": {"executed_lines": [1, 4], "summary": {"covered_lines": 2, "num_statements": 2, "percent_covered": 100.0, "percent_covered_display": "100", "missing_lines": 0, "excluded_lines": 0}, "missing_lines": [], "excluded_lines": []}}, "classes": {"": {"executed_lines": [1, 4, 18, 19], "summary": {"covered_lines": 4, "num_statements": 4, "percent_covered": 100.0, "percent_covered_display": "100", "missing_lines": 0, "excluded_lines": 0}, "missing_lines": [], "excluded_lines": []}}}}, "totals": {"covered_lines": 4, "num_statements": 4, "percent_covered": 100.0, "percent_covered_display": "100", "missing_lines": 0, "excluded_lines": 0}}
============================= test session starts ==============================
platform linux -- Python 3.12.12, pytest-8.4.2, pluggy-1.6.0
rootdir: /content/CS598JBR-Team-26/MP2
plugins: cov-7.0.0, anyio-4.11.0, langsmith-0.4.35, typeguard-4.4.4
collected 10 items

HumanEval_13_test.py .......FF.                                          [100%]

=================================== FAILURES ===================================
_________________________________ test_case_8 __________________________________

    def test_case_8():
>       assert greatest_common_divisor(15, -5) == 5
E       assert -5 == 5
E        +  where -5 = greatest_common_divisor(15, -5)

HumanEval_13_test.py:26: AssertionError
_________________________________ test_case_9 __________________________________

    def test_case_9():
>       assert greatest_common_divisor(-5, -15) == 5
E       assert -5 == 5
E        +  where -5 = greatest_common_divisor(-5, -15)

HumanEval_13_test.py:29: AssertionError
================================ tests coverage ================================
_______________ coverage: platform linux, python 3.12.12-final-0 _______________

Coverage JSON written to file Coverage/HumanEval_13_test_crafted.json
=========================== short test summary info ============================
FAILED HumanEval_13_test.py::test_case_8 - assert -5 == 5
FAILED HumanEval_13_test.py::test_case_9 - assert -5 == 5
========================= 2 failed, 8 passed in 0.09s ==========================


Task_ID HumanEval/13:
prompt:
You are an AI programming assistant, utilizing the DeepSeek Coder model, developed by DeepSeek Company, and you only answer questions related to computer science. For politically sensitive questions, security and privacy issues, and other non-computer science questions, you will refuse to answer.

### Instruction:
Generate a pytest test suite for the following code.

Only write unit tests in the output and nothing else.Import the function from the module `HumanEval_13.py` instead of redefining it.

The input code includes the full function definition (signature + body).
Only write unit tests. Do not include explanations, comments, or extra text.

### Test Requirements:
- Write multiple test functions (e.g., `def test_case_1():`, `def test_case_2():`).
- Cover at least 5 cases including typical inputs, edge cases, empty inputs, negative inputs, and unusual inputs.
- Ensure high branch and line coverage; include all execution paths.


def greatest_common_divisor(a: int, b: int) -> int:
    """ Return a greatest common divisor of two integers a and b
    >>> greatest_common_divisor(3, 5)
    1
    >>> greatest_common_divisor(25, 15)
    5
    """

    while b:
        a, b = b, a % b
    return a


### Response:

response:
import pytest
from HumanEval_13 import greatest_common_divisor

def test_case_1():
    assert greatest_common_divisor(3, 5) == 1

def test_case_2():
    assert greatest_common_divisor(25, 15) == 5

def test_case_3():
    assert greatest_common_divisor(0, 5) == 5

def test_case_4():
    assert greatest_common_divisor(5, 0) == 5

def test_case_5():
    assert greatest_common_divisor(0, 0) == 0

def test_case_6():
    assert greatest_common_divisor(1, 1) == 1

def test_case_7():
    assert greatest_common_divisor(-5, 15) == 5

def test_case_8():
    assert greatest_common_divisor(15, -5) == 5

def test_case_9():
    assert greatest_common_divisor(-5, -15) == 5

def test_case_10():
    assert greatest_common_divisor(-15, 5) == 5
coverage:
{"meta": {"format": 3, "version": "7.11.0", "timestamp": "2025-10-19T23:31:17.454890", "branch_coverage": false, "show_contexts": false}, "files": {"HumanEval_13.py": {"executed_lines": [3, 11, 12, 13], "summary": {"covered_lines": 4, "num_statements": 4, "percent_covered": 100.0, "percent_covered_display": "100", "missing_lines": 0, "excluded_lines": 0}, "missing_lines": [], "excluded_lines": [], "functions": {"greatest_common_divisor": {"executed_lines": [11, 12, 13], "summary": {"covered_lines": 3, "num_statements": 3, "percent_covered": 100.0, "percent_covered_display": "100", "missing_lines": 0, "excluded_lines": 0}, "missing_lines": [], "excluded_lines": []}, "": {"executed_lines": [3], "summary": {"covered_lines": 1, "num_statements": 1, "percent_covered": 100.0, "percent_covered_display": "100", "missing_lines": 0, "excluded_lines": 0}, "missing_lines": [], "excluded_lines": []}}, "classes": {"": {"executed_lines": [3, 11, 12, 13], "summary": {"covered_lines": 4, "num_statements": 4, "percent_covered": 100.0, "percent_covered_display": "100", "missing_lines": 0, "excluded_lines": 0}, "missing_lines": [], "excluded_lines": []}}}}, "totals": {"covered_lines": 4, "num_statements": 4, "percent_covered": 100.0, "percent_covered_display": "100", "missing_lines": 0, "excluded_lines": 0}}Setting `pad_token_id` to `eos_token_id`:32021 for open-end generation.
Setting `pad_token_id` to `eos_token_id`:32021 for open-end generation.

============================= test session starts ==============================
platform linux -- Python 3.12.12, pytest-8.4.2, pluggy-1.6.0
rootdir: /content/CS598JBR-Team-26/MP2
plugins: cov-7.0.0, anyio-4.11.0, langsmith-0.4.35, typeguard-4.4.4
collected 0 items / 1 error

==================================== ERRORS ====================================
____________________ ERROR collecting HumanEval_61_test.py _____________________
/usr/local/lib/python3.12/dist-packages/_pytest/python.py:498: in importtestmodule
    mod = import_path(
/usr/local/lib/python3.12/dist-packages/_pytest/pathlib.py:587: in import_path
    importlib.import_module(module_name)
/usr/lib/python3.12/importlib/__init__.py:90: in import_module
    return _bootstrap._gcd_import(name[level:], package, level)
           ^^^^^^^^^^^^^^^^^^^^^^^^^^^^^^^^^^^^^^^^^^^^^^^^^^^^
<frozen importlib._bootstrap>:1387: in _gcd_import
    ???
<frozen importlib._bootstrap>:1360: in _find_and_load
    ???
<frozen importlib._bootstrap>:1331: in _find_and_load_unlocked
    ???
<frozen importlib._bootstrap>:935: in _load_unlocked
    ???
/usr/local/lib/python3.12/dist-packages/_pytest/assertion/rewrite.py:177: in exec_module
    source_stat, co = _rewrite_test(fn, self.config)
                      ^^^^^^^^^^^^^^^^^^^^^^^^^^^^^^
/usr/local/lib/python3.12/dist-packages/_pytest/assertion/rewrite.py:357: in _rewrite_test
    tree = ast.parse(source, filename=strfn)
           ^^^^^^^^^^^^^^^^^^^^^^^^^^^^^^^^^
/usr/lib/python3.12/ast.py:52: in parse
    return compile(source, filename, mode, flags,
E     File "/content/CS598JBR-Team-26/MP2/HumanEval_61_test.py", line 17
E       assert correct_bracketing("))")) == False
E                                      ^
E   SyntaxError: unmatched ')'
=========================== short test summary info ============================
ERROR HumanEval_61_test.py
!!!!!!!!!!!!!!!!!!!! Interrupted: 1 error during collection !!!!!!!!!!!!!!!!!!!!
=============================== 1 error in 0.37s ===============================


Task_ID HumanEval/61:
prompt:
You are an AI programming assistant, utilizing the DeepSeek Coder model, developed by DeepSeek Company, and you only answer questions related to computer science. For politically sensitive questions, security and privacy issues, and other non-computer science questions, you will refuse to answer.

### Instruction:
Generate a pytest test suite for the following code.

Only write unit tests in the output and nothing else.Import the function from the module `HumanEval_61.py` instead of redefining it.

The input code includes the full function definition (signature + body).
Only write unit tests. Do not include explanations, comments, or extra text.

### Test Requirements:
- Write multiple test functions (e.g., `def test_case_1():`, `def test_case_2():`).
- Cover at least 5 cases including typical inputs, edge cases, empty inputs, negative inputs, and unusual inputs.
- Ensure high branch and line coverage; include all execution paths.


def correct_bracketing(brackets: str):
    """ brackets is a string of "(" and ")".
    return True if every opening bracket has a corresponding closing bracket.

    >>> correct_bracketing("(")
    False
    >>> correct_bracketing("()")
    True
    >>> correct_bracketing("(()())")
    True
    >>> correct_bracketing(")(()")
    False
    """

    depth = 0
    for b in brackets:
        if b == "(":
            depth += 1
        else:
            depth -= 1
        if depth < 0:
            return False
    return depth == 0


### Response:

response:
import pytest
from HumanEval_61 import correct_bracketing

def test_case_1():
    assert correct_bracketing("(") == False

def test_case_2():
    assert correct_bracketing("()") == True

def test_case_3():
    assert correct_bracketing("(()())") == True

def test_case_4():
    assert correct_bracketing("") == True

def test_case_5():
    assert correct_bracketing("))")) == False

def test_case_6():
    assert correct_bracketing("()()()()") == True

def test_case_7():
    assert correct_bracketing("(((())))") == True

def test_case_8():
    assert correct_bracketing("("*100000 + ")("*100000) == False

def test_case_9():
    assert correct_bracketing("))))))))))))))))))))))))))))))))))))") == False

def test_case_10():
    assert correct_bracketing("((((((((((((((((((((((((((((((((((((((((((((((((((((((((((((((((((((((((((((((((((((((((((((((((((((((((((((((((((((((((((((((((((((((((((((((((((((((((((((((((((((((((((((((((((((((((((((((((((((((((((((((((((((((((((((((((((((((((((((((((((((((((((((((((((((((((((((((((((((((((((((((((((((((((((((((((((((((((((((((((((((((((((((((((((((((((((((((((((((((((((((((((((((((((((((((((((((((((((((((((((((((((((((((((((((((((((((((((((((((((((((((((((((((((((((((((((((((((
coverage:
OK
============================= test session starts ==============================
platform linux -- Python 3.12.12, pytest-8.4.2, pluggy-1.6.0
rootdir: /content/CS598JBR-Team-26/MP2
plugins: cov-7.0.0, anyio-4.11.0, langsmith-0.4.35, typeguard-4.4.4
collected 0 items / 1 error

==================================== ERRORS ====================================
____________________ ERROR collecting HumanEval_57_test.py _____________________
/usr/local/lib/python3.12/dist-packages/_pytest/python.py:498: in importtestmodule
    mod = import_path(
/usr/local/lib/python3.12/dist-packages/_pytest/pathlib.py:587: in import_path
    importlib.import_module(module_name)
/usr/lib/python3.12/importlib/__init__.py:90: in import_module
    return _bootstrap._gcd_import(name[level:], package, level)
           ^^^^^^^^^^^^^^^^^^^^^^^^^^^^^^^^^^^^^^^^^^^^^^^^^^^^
<frozen importlib._bootstrap>:1387: in _gcd_import
    ???
<frozen importlib._bootstrap>:1360: in _find_and_load
    ???
<frozen importlib._bootstrap>:1331: in _find_and_load_unlocked
    ???
<frozen importlib._bootstrap>:935: in _load_unlocked
    ???
/usr/local/lib/python3.12/dist-packages/_pytest/assertion/rewrite.py:177: in exec_module
    source_stat, co = _rewrite_test(fn, self.config)
                      ^^^^^^^^^^^^^^^^^^^^^^^^^^^^^^
/usr/local/lib/python3.12/dist-packages/_pytest/assertion/rewrite.py:357: in _rewrite_test
    tree = ast.parse(source, filename=strfn)
           ^^^^^^^^^^^^^^^^^^^^^^^^^^^^^^^^^
/usr/lib/python3.12/ast.py:52: in parse
    return compile(source, filename, mode, flags,
E     File "/content/CS598JBR-Team-26/MP2/HumanEval_57_test.py", line 47
E       assert monotonic([-
E                        ^
E   SyntaxError: '[' was never closed
=========================== short test summary info ============================
ERROR HumanEval_57_test.py
!!!!!!!!!!!!!!!!!!!! Interrupted: 1 error during collection !!!!!!!!!!!!!!!!!!!!
=============================== 1 error in 0.36s ===============================


Task_ID HumanEval/57:
prompt:
You are an AI programming assistant, utilizing the DeepSeek Coder model, developed by DeepSeek Company, and you only answer questions related to computer science. For politically sensitive questions, security and privacy issues, and other non-computer science questions, you will refuse to answer.

### Instruction:
Generate a pytest test suite for the following code.

Only write unit tests in the output and nothing else.Import the function from the module `HumanEval_57.py` instead of redefining it.

The input code includes the full function definition (signature + body).
Only write unit tests. Do not include explanations, comments, or extra text.

### Test Requirements:
- Write multiple test functions (e.g., `def test_case_1():`, `def test_case_2():`).
- Cover at least 5 cases including typical inputs, edge cases, empty inputs, negative inputs, and unusual inputs.
- Ensure high branch and line coverage; include all execution paths.


def monotonic(l: list):
    """Return True is list elements are monotonically increasing or decreasing.
    >>> monotonic([1, 2, 4, 20])
    True
    >>> monotonic([1, 20, 4, 10])
    False
    >>> monotonic([4, 1, 0, -10])
    True
    """

    if l == sorted(l) or l == sorted(l, reverse=True):
        return True
    return False


### Response:

response:
import pytest
from HumanEval_57 import monotonic

def test_case_1():
    assert monotonic([1, 2, 4, 20]) == True

def test_case_2():
    assert monotonic([1, 20, 4, 10]) == False

def test_case_3():
    assert monotonic([4, 1, 0, -10]) == True

def test_case_4():
    assert monotonic([]) == True  # Edge case: empty list

def test_case_5():
    assert monotonic([1]) == True  # Edge case: single element

def test_case_6():
    assert monotonic([10, 9, 8, 7]) == True  # Descending order

def test_case_7():
    assert monotonic([7, 8, 9, 10]) == True  # Ascending order

def test_case_8():
    assert monotonic([1, 1, 1, 1]) == True  # All elements are same

def test_case_9():
    assert monotonic([10, 20, 30, 40]) == True  # Monotonic increasing order

def test_case_10():
    assert monotonic([40, 30, 20, 10]) == True  # Monotonic decreasing order

def test_case_11():
    assert monotonic([1, 1, 2, 2]) == True  # Two same elements, then two same elements

def test_case_12():
    assert monotonic([2, 2, 1, 1]) == True  # Two same elements, then two same elements

def test_case_13():
    assert monotonic([1, 2, 3, 4, 5, 6]) == True  # Increasing sequence

def test_case_14():
    assert monotonic([6, 5, 4, 3, 2, 1]) == True  # Decreasing sequence

def test_case_15():
    assert monotonic([-
coverage:
OKSetting `pad_token_id` to `eos_token_id`:32021 for open-end generation.
Setting `pad_token_id` to `eos_token_id`:32021 for open-end generation.

============================= test session starts ==============================
platform linux -- Python 3.12.12, pytest-8.4.2, pluggy-1.6.0
rootdir: /content/CS598JBR-Team-26/MP2
plugins: cov-7.0.0, anyio-4.11.0, langsmith-0.4.35, typeguard-4.4.4
collected 10 items

HumanEval_125_test.py .....F.FF.                                         [100%]

=================================== FAILURES ===================================
_________________________________ test_case_6 __________________________________

    def test_case_6():
>       assert split_words("aBcDeF") == 3
E       AssertionError: assert 0 == 3
E        +  where 0 = split_words('aBcDeF')

HumanEval_125_test.py:20: AssertionError
_________________________________ test_case_8 __________________________________

    def test_case_8():
>       assert split_words(",") == ['']
E       AssertionError: assert [] == ['']
E         
E         Right contains one more item: ''
E         Use -v to get more diff

HumanEval_125_test.py:26: AssertionError
_________________________________ test_case_9 __________________________________

    def test_case_9():
>       assert split_words(" ") == ['']
E       AssertionError: assert [] == ['']
E         
E         Right contains one more item: ''
E         Use -v to get more diff

HumanEval_125_test.py:29: AssertionError
================================ tests coverage ================================
_______________ coverage: platform linux, python 3.12.12-final-0 _______________

Coverage JSON written to file Coverage/HumanEval_125_test_crafted.json
=========================== short test summary info ============================
FAILED HumanEval_125_test.py::test_case_6 - AssertionError: assert 0 == 3
FAILED HumanEval_125_test.py::test_case_8 - AssertionError: assert [] == ['']
FAILED HumanEval_125_test.py::test_case_9 - AssertionError: assert [] == ['']
========================= 3 failed, 7 passed in 0.09s ==========================


Task_ID HumanEval/125:
prompt:
You are an AI programming assistant, utilizing the DeepSeek Coder model, developed by DeepSeek Company, and you only answer questions related to computer science. For politically sensitive questions, security and privacy issues, and other non-computer science questions, you will refuse to answer.

### Instruction:
Generate a pytest test suite for the following code.

Only write unit tests in the output and nothing else.Import the function from the module `HumanEval_125.py` instead of redefining it.

The input code includes the full function definition (signature + body).
Only write unit tests. Do not include explanations, comments, or extra text.

### Test Requirements:
- Write multiple test functions (e.g., `def test_case_1():`, `def test_case_2():`).
- Cover at least 5 cases including typical inputs, edge cases, empty inputs, negative inputs, and unusual inputs.
- Ensure high branch and line coverage; include all execution paths.

def split_words(txt):
    '''
    Given a string of words, return a list of words split on whitespace, if no whitespaces exists in the text you
    should split on commas ',' if no commas exists you should return the number of lower-case letters with odd order in the
    alphabet, ord('a') = 0, ord('b') = 1, ... ord('z') = 25
    Examples
    split_words("Hello world!") ➞ ["Hello", "world!"]
    split_words("Hello,world!") ➞ ["Hello", "world!"]
    split_words("abcdef") == 3 
    '''

    if " " in txt:
        return txt.split()
    elif "," in txt:
        return txt.replace(',',' ').split()
    else:
        return len([i for i in txt if i.islower() and ord(i)%2 == 0])


### Response:

response:
import pytest
from HumanEval_125 import split_words

def test_case_1():
    assert split_words("Hello world!") == ["Hello", "world!"]

def test_case_2():
    assert split_words("Hello,world!") == ["Hello", "world!"]

def test_case_3():
    assert split_words("abcdef") == 3

def test_case_4():
    assert split_words("") == 0

def test_case_5():
    assert split_words("ABCDEF") == 0

def test_case_6():
    assert split_words("aBcDeF") == 3

def test_case_7():
    assert split_words("123456") == 0

def test_case_8():
    assert split_words(",") == ['']

def test_case_9():
    assert split_words(" ") == ['']

def test_case_10():
    assert split_words("Hello,World!") == ["Hello", "World!"]
coverage:
{"meta": {"format": 3, "version": "7.11.0", "timestamp": "2025-10-19T23:32:50.811854", "branch_coverage": false, "show_contexts": false}, "files": {"HumanEval_125.py": {"executed_lines": [2, 13, 14, 15, 16, 18], "summary": {"covered_lines": 6, "num_statements": 6, "percent_covered": 100.0, "percent_covered_display": "100", "missing_lines": 0, "excluded_lines": 0}, "missing_lines": [], "excluded_lines": [], "functions": {"split_words": {"executed_lines": [13, 14, 15, 16, 18], "summary": {"covered_lines": 5, "num_statements": 5, "percent_covered": 100.0, "percent_covered_display": "100", "missing_lines": 0, "excluded_lines": 0}, "missing_lines": [], "excluded_lines": []}, "": {"executed_lines": [2], "summary": {"covered_lines": 1, "num_statements": 1, "percent_covered": 100.0, "percent_covered_display": "100", "missing_lines": 0, "excluded_lines": 0}, "missing_lines": [], "excluded_lines": []}}, "classes": {"": {"executed_lines": [2, 13, 14, 15, 16, 18], "summary": {"covered_lines": 6, "num_statements": 6, "percent_covered": 100.0, "percent_covered_display": "100", "missing_lines": 0, "excluded_lines": 0}, "missing_lines": [], "excluded_lines": []}}}}, "totals": {"covered_lines": 6, "num_statements": 6, "percent_covered": 100.0, "percent_covered_display": "100", "missing_lines": 0, "excluded_lines": 0}}
============================= test session starts ==============================
platform linux -- Python 3.12.12, pytest-8.4.2, pluggy-1.6.0
rootdir: /content/CS598JBR-Team-26/MP2
plugins: cov-7.0.0, anyio-4.11.0, langsmith-0.4.35, typeguard-4.4.4
collected 6 items

HumanEval_5_test.py ......                                               [100%]

================================ tests coverage ================================
_______________ coverage: platform linux, python 3.12.12-final-0 _______________

Coverage JSON written to file Coverage/HumanEval_5_test_crafted.json
============================== 6 passed in 0.06s ===============================


Task_ID HumanEval/5:
prompt:
You are an AI programming assistant, utilizing the DeepSeek Coder model, developed by DeepSeek Company, and you only answer questions related to computer science. For politically sensitive questions, security and privacy issues, and other non-computer science questions, you will refuse to answer.

### Instruction:
Generate a pytest test suite for the following code.

Only write unit tests in the output and nothing else.Import the function from the module `HumanEval_5.py` instead of redefining it.

The input code includes the full function definition (signature + body).
Only write unit tests. Do not include explanations, comments, or extra text.

### Test Requirements:
- Write multiple test functions (e.g., `def test_case_1():`, `def test_case_2():`).
- Cover at least 5 cases including typical inputs, edge cases, empty inputs, negative inputs, and unusual inputs.
- Ensure high branch and line coverage; include all execution paths.
from typing import List


def intersperse(numbers: List[int], delimeter: int) -> List[int]:
    """ Insert a number 'delimeter' between every two consecutive elements of input list `numbers'
    >>> intersperse([], 4)
    []
    >>> intersperse([1, 2, 3], 4)
    [1, 4, 2, 4, 3]
    """

    if not numbers:
        return []

    result = []

    for n in numbers[:-1]:
        result.append(n)
        result.append(delimeter)

    result.append(numbers[-1])

    return result


### Response:

response:
from HumanEval_5 import intersperse

def test_case_empty():
    assert intersperse([], 4) == []

def test_case_single_element():
    assert intersperse([5], 4) == [5]

def test_case_typical():
    assert intersperse([1, 2, 3], 4) == [1, 4, 2, 4, 3]

def test_case_negative():
    assert intersperse([-1, -2, -3], -4) == [-1, -4, -2, -4, -3]

def test_case_large():
    assert intersperse([100, 200, 300], 400) == [100, 400, 200, 400, 300]

def test_case_zero():
    assert intersperse([0, 0, 0], 4) == [0, 4, 0, 4, 0]
coverage:
{"meta": {"format": 3, "version": "7.11.0", "timestamp": "2025-10-19T23:33:09.218548", "branch_coverage": false, "show_contexts": false}, "files": {"HumanEval_5.py": {"executed_lines": [1, 4, 12, 13, 15, 17, 18, 19, 21, 23], "summary": {"covered_lines": 10, "num_statements": 10, "percent_covered": 100.0, "percent_covered_display": "100", "missing_lines": 0, "excluded_lines": 0}, "missing_lines": [], "excluded_lines": [], "functions": {"intersperse": {"executed_lines": [12, 13, 15, 17, 18, 19, 21, 23], "summary": {"covered_lines": 8, "num_statements": 8, "percent_covered": 100.0, "percent_covered_display": "100", "missing_lines": 0, "excluded_lines": 0}, "missing_lines": [], "excluded_lines": []}, "": {"executed_lines": [1, 4], "summary": {"covered_lines": 2, "num_statements": 2, "percent_covered": 100.0, "percent_covered_display": "100", "missing_lines": 0, "excluded_lines": 0}, "missing_lines": [], "excluded_lines": []}}, "classes": {"": {"executed_lines": [1, 4, 12, 13, 15, 17, 18, 19, 21, 23], "summary": {"covered_lines": 10, "num_statements": 10, "percent_covered": 100.0, "percent_covered_display": "100", "missing_lines": 0, "excluded_lines": 0}, "missing_lines": [], "excluded_lines": []}}}}, "totals": {"covered_lines": 10, "num_statements": 10, "percent_covered": 100.0, "percent_covered_display": "100", "missing_lines": 0, "excluded_lines": 0}}Setting `pad_token_id` to `eos_token_id`:32021 for open-end generation.
Setting `pad_token_id` to `eos_token_id`:32021 for open-end generation.

============================= test session starts ==============================
platform linux -- Python 3.12.12, pytest-8.4.2, pluggy-1.6.0
rootdir: /content/CS598JBR-Team-26/MP2
plugins: cov-7.0.0, anyio-4.11.0, langsmith-0.4.35, typeguard-4.4.4
collected 10 items

HumanEval_84_test.py .....FFFFF                                          [100%]

=================================== FAILURES ===================================
_________________________________ test_case_6 __________________________________

    def test_case_6():
>       assert solve(10) == "1010"
E       AssertionError: assert '1' == '1010'
E         
E         - 1010
E         + 1

HumanEval_84_test.py:20: AssertionError
_________________________________ test_case_7 __________________________________

    def test_case_7():
>       assert solve(9999) == "11111111111111111111111111111111"
E       AssertionError: assert '100100' == '111111111111...1111111111111'
E         
E         - 11111111111111111111111111111111
E         + 100100

HumanEval_84_test.py:23: AssertionError
_________________________________ test_case_8 __________________________________

    def test_case_8():
>       assert solve(5555) == "11111"
E       AssertionError: assert '10100' == '11111'
E         
E         - 11111
E         + 10100

HumanEval_84_test.py:26: AssertionError
_________________________________ test_case_9 __________________________________

    def test_case_9():
>       assert solve(9876) == "111111110"
E       AssertionError: assert '11110' == '111111110'
E         
E         - 111111110
E         + 11110

HumanEval_84_test.py:29: AssertionError
_________________________________ test_case_10 _________________________________

    def test_case_10():
>       assert solve(1234) == "11110"
E       AssertionError: assert '1010' == '11110'
E         
E         - 11110
E         + 1010

HumanEval_84_test.py:32: AssertionError
================================ tests coverage ================================
_______________ coverage: platform linux, python 3.12.12-final-0 _______________

Coverage JSON written to file Coverage/HumanEval_84_test_crafted.json
=========================== short test summary info ============================
FAILED HumanEval_84_test.py::test_case_6 - AssertionError: assert '1' == '1010'
FAILED HumanEval_84_test.py::test_case_7 - AssertionError: assert '100100' ==...
FAILED HumanEval_84_test.py::test_case_8 - AssertionError: assert '10100' == ...
FAILED HumanEval_84_test.py::test_case_9 - AssertionError: assert '11110' == ...
FAILED HumanEval_84_test.py::test_case_10 - AssertionError: assert '1010' == ...
========================= 5 failed, 5 passed in 0.09s ==========================


Task_ID HumanEval/84:
prompt:
You are an AI programming assistant, utilizing the DeepSeek Coder model, developed by DeepSeek Company, and you only answer questions related to computer science. For politically sensitive questions, security and privacy issues, and other non-computer science questions, you will refuse to answer.

### Instruction:
Generate a pytest test suite for the following code.

Only write unit tests in the output and nothing else.Import the function from the module `HumanEval_84.py` instead of redefining it.

The input code includes the full function definition (signature + body).
Only write unit tests. Do not include explanations, comments, or extra text.

### Test Requirements:
- Write multiple test functions (e.g., `def test_case_1():`, `def test_case_2():`).
- Cover at least 5 cases including typical inputs, edge cases, empty inputs, negative inputs, and unusual inputs.
- Ensure high branch and line coverage; include all execution paths.

def solve(N):
    """Given a positive integer N, return the total sum of its digits in binary.
    
    Example
        For N = 1000, the sum of digits will be 1 the output should be "1".
        For N = 150, the sum of digits will be 6 the output should be "110".
        For N = 147, the sum of digits will be 12 the output should be "1100".
    
    Variables:
        @N integer
             Constraints: 0 ≤ N ≤ 10000.
    Output:
         a string of binary number
    """

    return bin(sum(int(i) for i in str(N)))[2:]


### Response:

response:
import pytest
from HumanEval_84 import solve

def test_case_1():
    assert solve(1000) == "1"

def test_case_2():
    assert solve(150) == "110"

def test_case_3():
    assert solve(147) == "1100"

def test_case_4():
    assert solve(0) == "0"

def test_case_5():
    assert solve(1) == "1"

def test_case_6():
    assert solve(10) == "1010"

def test_case_7():
    assert solve(9999) == "11111111111111111111111111111111"

def test_case_8():
    assert solve(5555) == "11111"

def test_case_9():
    assert solve(9876) == "111111110"

def test_case_10():
    assert solve(1234) == "11110"
coverage:
{"meta": {"format": 3, "version": "7.11.0", "timestamp": "2025-10-19T23:33:30.070483", "branch_coverage": false, "show_contexts": false}, "files": {"HumanEval_84.py": {"executed_lines": [2, 17], "summary": {"covered_lines": 2, "num_statements": 2, "percent_covered": 100.0, "percent_covered_display": "100", "missing_lines": 0, "excluded_lines": 0}, "missing_lines": [], "excluded_lines": [], "functions": {"solve": {"executed_lines": [17], "summary": {"covered_lines": 1, "num_statements": 1, "percent_covered": 100.0, "percent_covered_display": "100", "missing_lines": 0, "excluded_lines": 0}, "missing_lines": [], "excluded_lines": []}, "": {"executed_lines": [2], "summary": {"covered_lines": 1, "num_statements": 1, "percent_covered": 100.0, "percent_covered_display": "100", "missing_lines": 0, "excluded_lines": 0}, "missing_lines": [], "excluded_lines": []}}, "classes": {"": {"executed_lines": [2, 17], "summary": {"covered_lines": 2, "num_statements": 2, "percent_covered": 100.0, "percent_covered_display": "100", "missing_lines": 0, "excluded_lines": 0}, "missing_lines": [], "excluded_lines": []}}}}, "totals": {"covered_lines": 2, "num_statements": 2, "percent_covered": 100.0, "percent_covered_display": "100", "missing_lines": 0, "excluded_lines": 0}}
Task_ID HumanEval/39:
prompt:
You are an AI programming assistant, utilizing the DeepSeek Coder model, developed by DeepSeek Company, and you only answer questions related to computer science. For politically sensitive questions, security and privacy issues, and other non-computer science questions, you will refuse to answer.

### Instruction:
Generate a pytest test suite for the following code.

Only write unit tests in the output and nothing else.Import the function from the module `HumanEval_39.py` instead of redefining it.

The input code includes the full function definition (signature + body).
Only write unit tests. Do not include explanations, comments, or extra text.

### Test Requirements:
- Write multiple test functions (e.g., `def test_case_1():`, `def test_case_2():`).
- Cover at least 5 cases including typical inputs, edge cases, empty inputs, negative inputs, and unusual inputs.
- Ensure high branch and line coverage; include all execution paths.


def prime_fib(n: int):
    """
    prime_fib returns n-th number that is a Fibonacci number and it's also prime.
    >>> prime_fib(1)
    2
    >>> prime_fib(2)
    3
    >>> prime_fib(3)
    5
    >>> prime_fib(4)
    13
    >>> prime_fib(5)
    89
    """

    import math

    def is_prime(p):
        if p < 2:
            return False
        for k in range(2, min(int(math.sqrt(p)) + 1, p - 1)):
            if p % k == 0:
                return False
        return True
    f = [0, 1]
    while True:
        f.append(f[-1] + f[-2])
        if is_prime(f[-1]):
            n -= 1
        if n == 0:
            return f[-1]


### Response:

response:
import pytest
from HumanEval_39 import prime_fib

def test_case_1():
    assert prime_fib(1) == 2

def test_case_2():
    assert prime_fib(2) == 3

def test_case_3():
    assert prime_fib(3) == 5

def test_case_4():
    assert prime_fib(4) == 13

def test_case_5():
    assert prime_fib(5) == 89

def test_case_6():
    assert prime_fib(10) == 44945

def test_case_7():
    assert prime_fib(15) == 3702484

def test_case_8():
    assert prime_fib(20) == 28657

def test_case_9():
    assert prime_fib(25) == 28657

def test_case_10():
    assert prime_fib(30) == 139583
coverage:
TimeoutError: pytest execution took too long.Setting `pad_token_id` to `eos_token_id`:32021 for open-end generation.
Setting `pad_token_id` to `eos_token_id`:32021 for open-end generation.

============================= test session starts ==============================
platform linux -- Python 3.12.12, pytest-8.4.2, pluggy-1.6.0
rootdir: /content/CS598JBR-Team-26/MP2
plugins: cov-7.0.0, anyio-4.11.0, langsmith-0.4.35, typeguard-4.4.4
collected 10 items

HumanEval_161_test.py .....F....                                         [100%]

=================================== FAILURES ===================================
_________________________________ test_case_6 __________________________________

    def test_case_6():
>       assert solve("123aBcD") == "DcBa321"
E       AssertionError: assert '123AbCd' == 'DcBa321'
E         
E         - DcBa321
E         + 123AbCd

HumanEval_161_test.py:20: AssertionError
================================ tests coverage ================================
_______________ coverage: platform linux, python 3.12.12-final-0 _______________

Coverage JSON written to file Coverage/HumanEval_161_test_crafted.json
=========================== short test summary info ============================
FAILED HumanEval_161_test.py::test_case_6 - AssertionError: assert '123AbCd' ...
========================= 1 failed, 9 passed in 0.08s ==========================


Task_ID HumanEval/161:
prompt:
You are an AI programming assistant, utilizing the DeepSeek Coder model, developed by DeepSeek Company, and you only answer questions related to computer science. For politically sensitive questions, security and privacy issues, and other non-computer science questions, you will refuse to answer.

### Instruction:
Generate a pytest test suite for the following code.

Only write unit tests in the output and nothing else.Import the function from the module `HumanEval_161.py` instead of redefining it.

The input code includes the full function definition (signature + body).
Only write unit tests. Do not include explanations, comments, or extra text.

### Test Requirements:
- Write multiple test functions (e.g., `def test_case_1():`, `def test_case_2():`).
- Cover at least 5 cases including typical inputs, edge cases, empty inputs, negative inputs, and unusual inputs.
- Ensure high branch and line coverage; include all execution paths.

def solve(s):
    """You are given a string s.
    if s[i] is a letter, reverse its case from lower to upper or vise versa, 
    otherwise keep it as it is.
    If the string contains no letters, reverse the string.
    The function should return the resulted string.
    Examples
    solve("1234") = "4321"
    solve("ab") = "AB"
    solve("#a@C") = "#A@c"
    """

    flg = 0
    idx = 0
    new_str = list(s)
    for i in s:
        if i.isalpha():
            new_str[idx] = i.swapcase()
            flg = 1
        idx += 1
    s = ""
    for i in new_str:
        s += i
    if flg == 0:
        return s[len(s)::-1]
    return s


### Response:

response:
import pytest
from HumanEval_161 import solve

def test_case_1():
    assert solve("1234") == "4321"

def test_case_2():
    assert solve("ab") == "AB"

def test_case_3():
    assert solve("#a@C") == "#A@c"

def test_case_4():
    assert solve("aBcD") == "AbCd"

def test_case_5():
    assert solve("") == ""

def test_case_6():
    assert solve("123aBcD") == "DcBa321"

def test_case_7():
    assert solve("!@#") == "#@!"

def test_case_8():
    assert solve("@1B$") == "@1b$"

def test_case_9():
    assert solve("a1b2c3") == "A1B2C3"

def test_case_10():
    assert solve("!@1B$") == "!@1b$"
coverage:
{"meta": {"format": 3, "version": "7.11.0", "timestamp": "2025-10-19T23:35:09.897748", "branch_coverage": false, "show_contexts": false}, "files": {"HumanEval_161.py": {"executed_lines": [2, 14, 15, 16, 17, 18, 19, 20, 21, 22, 23, 24, 25, 26, 27], "summary": {"covered_lines": 15, "num_statements": 15, "percent_covered": 100.0, "percent_covered_display": "100", "missing_lines": 0, "excluded_lines": 0}, "missing_lines": [], "excluded_lines": [], "functions": {"solve": {"executed_lines": [14, 15, 16, 17, 18, 19, 20, 21, 22, 23, 24, 25, 26, 27], "summary": {"covered_lines": 14, "num_statements": 14, "percent_covered": 100.0, "percent_covered_display": "100", "missing_lines": 0, "excluded_lines": 0}, "missing_lines": [], "excluded_lines": []}, "": {"executed_lines": [2], "summary": {"covered_lines": 1, "num_statements": 1, "percent_covered": 100.0, "percent_covered_display": "100", "missing_lines": 0, "excluded_lines": 0}, "missing_lines": [], "excluded_lines": []}}, "classes": {"": {"executed_lines": [2, 14, 15, 16, 17, 18, 19, 20, 21, 22, 23, 24, 25, 26, 27], "summary": {"covered_lines": 15, "num_statements": 15, "percent_covered": 100.0, "percent_covered_display": "100", "missing_lines": 0, "excluded_lines": 0}, "missing_lines": [], "excluded_lines": []}}}}, "totals": {"covered_lines": 15, "num_statements": 15, "percent_covered": 100.0, "percent_covered_display": "100", "missing_lines": 0, "excluded_lines": 0}}
============================= test session starts ==============================
platform linux -- Python 3.12.12, pytest-8.4.2, pluggy-1.6.0
rootdir: /content/CS598JBR-Team-26/MP2
plugins: cov-7.0.0, anyio-4.11.0, langsmith-0.4.35, typeguard-4.4.4
collected 10 items

HumanEval_106_test.py ...FF.....                                         [100%]

=================================== FAILURES ===================================
_________________________________ test_case_4 __________________________________

    def test_case_4():
>       assert f(10) == [1, 2, 6, 24, 15, 14, 42, 362, 726, 2002]
E       assert [1, 2, 6, 24, 15, 720, ...] == [1, 2, 6, 24, 15, 14, ...]
E         
E         At index 5 diff: 720 != 14
E         Use -v to get more diff

HumanEval_106_test.py:14: AssertionError
_________________________________ test_case_5 __________________________________

    def test_case_5():
>       assert f(15) == [1, 2, 6, 24, 15, 14, 42, 362, 726, 2002, 7480, 50050, 399168, 3628800, 39916800]
E       assert [1, 2, 6, 24, 15, 720, ...] == [1, 2, 6, 24, 15, 14, ...]
E         
E         At index 5 diff: 720 != 14
E         Use -v to get more diff

HumanEval_106_test.py:17: AssertionError
================================ tests coverage ================================
_______________ coverage: platform linux, python 3.12.12-final-0 _______________

Coverage JSON written to file Coverage/HumanEval_106_test_crafted.json
=========================== short test summary info ============================
FAILED HumanEval_106_test.py::test_case_4 - assert [1, 2, 6, 24, 15, 720, ......
FAILED HumanEval_106_test.py::test_case_5 - assert [1, 2, 6, 24, 15, 720, ......
========================= 2 failed, 8 passed in 0.08s ==========================


Task_ID HumanEval/106:
prompt:
You are an AI programming assistant, utilizing the DeepSeek Coder model, developed by DeepSeek Company, and you only answer questions related to computer science. For politically sensitive questions, security and privacy issues, and other non-computer science questions, you will refuse to answer.

### Instruction:
Generate a pytest test suite for the following code.

Only write unit tests in the output and nothing else.Import the function from the module `HumanEval_106.py` instead of redefining it.

The input code includes the full function definition (signature + body).
Only write unit tests. Do not include explanations, comments, or extra text.

### Test Requirements:
- Write multiple test functions (e.g., `def test_case_1():`, `def test_case_2():`).
- Cover at least 5 cases including typical inputs, edge cases, empty inputs, negative inputs, and unusual inputs.
- Ensure high branch and line coverage; include all execution paths.

def f(n):
    """ Implement the function f that takes n as a parameter,
    and returns a list of size n, such that the value of the element at index i is the factorial of i if i is even
    or the sum of numbers from 1 to i otherwise.
    i starts from 1.
    the factorial of i is the multiplication of the numbers from 1 to i (1 * 2 * ... * i).
    Example:
    f(5) == [1, 2, 6, 24, 15]
    """

    ret = []
    for i in range(1,n+1):
        if i%2 == 0:
            x = 1
            for j in range(1,i+1): x *= j
            ret += [x]
        else:
            x = 0
            for j in range(1,i+1): x += j
            ret += [x]
    return ret


### Response:

response:
import pytest
from HumanEval_106 import f

def test_case_1():
    assert f(0) == []

def test_case_2():
    assert f(1) == [1]

def test_case_3():
    assert f(5) == [1, 2, 6, 24, 15]

def test_case_4():
    assert f(10) == [1, 2, 6, 24, 15, 14, 42, 362, 726, 2002]

def test_case_5():
    assert f(15) == [1, 2, 6, 24, 15, 14, 42, 362, 726, 2002, 7480, 50050, 399168, 3628800, 39916800]

def test_case_6():
    assert f(1) != [2]

def test_case_7():
    assert f(5) != [1, 3, 6, 24, 15]

def test_case_8():
    assert f(10) != [1, 3, 6, 24, 15, 14, 42, 362, 726, 2002]

def test_case_9():
    assert f(15) != [1, 3, 6, 24, 15, 14, 42, 362, 726, 2002, 7480, 50050, 399168, 3628800, 39916801]

def test_case_10():
    assert f(1) == [1]
coverage:
{"meta": {"format": 3, "version": "7.11.0", "timestamp": "2025-10-19T23:35:43.302743", "branch_coverage": false, "show_contexts": false}, "files": {"HumanEval_106.py": {"executed_lines": [2, 12, 13, 14, 15, 16, 17, 19, 20, 21, 22], "summary": {"covered_lines": 11, "num_statements": 11, "percent_covered": 100.0, "percent_covered_display": "100", "missing_lines": 0, "excluded_lines": 0}, "missing_lines": [], "excluded_lines": [], "functions": {"f": {"executed_lines": [12, 13, 14, 15, 16, 17, 19, 20, 21, 22], "summary": {"covered_lines": 10, "num_statements": 10, "percent_covered": 100.0, "percent_covered_display": "100", "missing_lines": 0, "excluded_lines": 0}, "missing_lines": [], "excluded_lines": []}, "": {"executed_lines": [2], "summary": {"covered_lines": 1, "num_statements": 1, "percent_covered": 100.0, "percent_covered_display": "100", "missing_lines": 0, "excluded_lines": 0}, "missing_lines": [], "excluded_lines": []}}, "classes": {"": {"executed_lines": [2, 12, 13, 14, 15, 16, 17, 19, 20, 21, 22], "summary": {"covered_lines": 11, "num_statements": 11, "percent_covered": 100.0, "percent_covered_display": "100", "missing_lines": 0, "excluded_lines": 0}, "missing_lines": [], "excluded_lines": []}}}}, "totals": {"covered_lines": 11, "num_statements": 11, "percent_covered": 100.0, "percent_covered_display": "100", "missing_lines": 0, "excluded_lines": 0}}Setting `pad_token_id` to `eos_token_id`:32021 for open-end generation.
Setting `pad_token_id` to `eos_token_id`:32021 for open-end generation.

============================= test session starts ==============================
platform linux -- Python 3.12.12, pytest-8.4.2, pluggy-1.6.0
rootdir: /content/CS598JBR-Team-26/MP2
plugins: cov-7.0.0, anyio-4.11.0, langsmith-0.4.35, typeguard-4.4.4
collected 5 items

HumanEval_21_test.py ..F..                                               [100%]

=================================== FAILURES ===================================
_________________________________ test_case_3 __________________________________

    def test_case_3():
>       assert rescale_to_unit([0.0]) == [0.0]
               ^^^^^^^^^^^^^^^^^^^^^^

HumanEval_21_test.py:11: 
_ _ _ _ _ _ _ _ _ _ _ _ _ _ _ _ _ _ _ _ _ _ _ _ _ _ _ _ _ _ _ _ _ _ _ _ _ _ _ _ 

numbers = [0.0]

    def rescale_to_unit(numbers: List[float]) -> List[float]:
        """ Given list of numbers (of at least two elements), apply a linear transform to that list,
        such that the smallest number will become 0 and the largest will become 1
        >>> rescale_to_unit([1.0, 2.0, 3.0, 4.0, 5.0])
        [0.0, 0.25, 0.5, 0.75, 1.0]
        """
    
        min_number = min(numbers)
        max_number = max(numbers)
>       return [(x - min_number) / (max_number - min_number) for x in numbers]
                ^^^^^^^^^^^^^^^^^^^^^^^^^^^^^^^^^^^^^^^^^^^^
E       ZeroDivisionError: float division by zero

HumanEval_21.py:13: ZeroDivisionError
================================ tests coverage ================================
_______________ coverage: platform linux, python 3.12.12-final-0 _______________

Coverage JSON written to file Coverage/HumanEval_21_test_crafted.json
=========================== short test summary info ============================
FAILED HumanEval_21_test.py::test_case_3 - ZeroDivisionError: float division ...
========================= 1 failed, 4 passed in 0.07s ==========================


Task_ID HumanEval/21:
prompt:
You are an AI programming assistant, utilizing the DeepSeek Coder model, developed by DeepSeek Company, and you only answer questions related to computer science. For politically sensitive questions, security and privacy issues, and other non-computer science questions, you will refuse to answer.

### Instruction:
Generate a pytest test suite for the following code.

Only write unit tests in the output and nothing else.Import the function from the module `HumanEval_21.py` instead of redefining it.

The input code includes the full function definition (signature + body).
Only write unit tests. Do not include explanations, comments, or extra text.

### Test Requirements:
- Write multiple test functions (e.g., `def test_case_1():`, `def test_case_2():`).
- Cover at least 5 cases including typical inputs, edge cases, empty inputs, negative inputs, and unusual inputs.
- Ensure high branch and line coverage; include all execution paths.
from typing import List


def rescale_to_unit(numbers: List[float]) -> List[float]:
    """ Given list of numbers (of at least two elements), apply a linear transform to that list,
    such that the smallest number will become 0 and the largest will become 1
    >>> rescale_to_unit([1.0, 2.0, 3.0, 4.0, 5.0])
    [0.0, 0.25, 0.5, 0.75, 1.0]
    """

    min_number = min(numbers)
    max_number = max(numbers)
    return [(x - min_number) / (max_number - min_number) for x in numbers]


### Response:

response:
import pytest
from HumanEval_21 import rescale_to_unit

def test_case_1():
    assert rescale_to_unit([1.0, 2.0, 3.0, 4.0, 5.0]) == [0.0, 0.25, 0.5, 0.75, 1.0]

def test_case_2():
    assert rescale_to_unit([-1.0, 1.0]) == [0.0, 1.0]

def test_case_3():
    assert rescale_to_unit([0.0]) == [0.0]

def test_case_4():
    assert rescale_to_unit([-1.0, -0.5, 0.0, 0.5, 1.0]) == [0.0, 0.25, 0.5, 0.75, 1.0]

def test_case_5():
    assert rescale_to_unit([100.0, 200.0, 300.0]) == [0.0, 0.5, 1.0]
coverage:
{"meta": {"format": 3, "version": "7.11.0", "timestamp": "2025-10-19T23:36:03.806100", "branch_coverage": false, "show_contexts": false}, "files": {"HumanEval_21.py": {"executed_lines": [1, 4, 11, 12, 13], "summary": {"covered_lines": 5, "num_statements": 5, "percent_covered": 100.0, "percent_covered_display": "100", "missing_lines": 0, "excluded_lines": 0}, "missing_lines": [], "excluded_lines": [], "functions": {"rescale_to_unit": {"executed_lines": [11, 12, 13], "summary": {"covered_lines": 3, "num_statements": 3, "percent_covered": 100.0, "percent_covered_display": "100", "missing_lines": 0, "excluded_lines": 0}, "missing_lines": [], "excluded_lines": []}, "": {"executed_lines": [1, 4], "summary": {"covered_lines": 2, "num_statements": 2, "percent_covered": 100.0, "percent_covered_display": "100", "missing_lines": 0, "excluded_lines": 0}, "missing_lines": [], "excluded_lines": []}}, "classes": {"": {"executed_lines": [1, 4, 11, 12, 13], "summary": {"covered_lines": 5, "num_statements": 5, "percent_covered": 100.0, "percent_covered_display": "100", "missing_lines": 0, "excluded_lines": 0}, "missing_lines": [], "excluded_lines": []}}}}, "totals": {"covered_lines": 5, "num_statements": 5, "percent_covered": 100.0, "percent_covered_display": "100", "missing_lines": 0, "excluded_lines": 0}}
============================= test session starts ==============================
platform linux -- Python 3.12.12, pytest-8.4.2, pluggy-1.6.0
rootdir: /content/CS598JBR-Team-26/MP2
plugins: cov-7.0.0, anyio-4.11.0, langsmith-0.4.35, typeguard-4.4.4
collected 0 items / 1 error

==================================== ERRORS ====================================
____________________ ERROR collecting HumanEval_58_test.py _____________________
/usr/local/lib/python3.12/dist-packages/_pytest/python.py:498: in importtestmodule
    mod = import_path(
/usr/local/lib/python3.12/dist-packages/_pytest/pathlib.py:587: in import_path
    importlib.import_module(module_name)
/usr/lib/python3.12/importlib/__init__.py:90: in import_module
    return _bootstrap._gcd_import(name[level:], package, level)
           ^^^^^^^^^^^^^^^^^^^^^^^^^^^^^^^^^^^^^^^^^^^^^^^^^^^^
<frozen importlib._bootstrap>:1387: in _gcd_import
    ???
<frozen importlib._bootstrap>:1360: in _find_and_load
    ???
<frozen importlib._bootstrap>:1331: in _find_and_load_unlocked
    ???
<frozen importlib._bootstrap>:935: in _load_unlocked
    ???
/usr/local/lib/python3.12/dist-packages/_pytest/assertion/rewrite.py:177: in exec_module
    source_stat, co = _rewrite_test(fn, self.config)
                      ^^^^^^^^^^^^^^^^^^^^^^^^^^^^^^
/usr/local/lib/python3.12/dist-packages/_pytest/assertion/rewrite.py:357: in _rewrite_test
    tree = ast.parse(source, filename=strfn)
           ^^^^^^^^^^^^^^^^^^^^^^^^^^^^^^^^^
/usr/lib/python3.12/ast.py:52: in parse
    return compile(source, filename, mode, flags,
E     File "/content/CS598JBR-Team-26/MP2/HumanEval_58_test.py", line 1
E       Sure, here are the pytest test cases for the given function:
E                  ^^^
E   SyntaxError: invalid syntax
=========================== short test summary info ============================
ERROR HumanEval_58_test.py
!!!!!!!!!!!!!!!!!!!! Interrupted: 1 error during collection !!!!!!!!!!!!!!!!!!!!
=============================== 1 error in 0.36s ===============================


Task_ID HumanEval/58:
prompt:
You are an AI programming assistant, utilizing the DeepSeek Coder model, developed by DeepSeek Company, and you only answer questions related to computer science. For politically sensitive questions, security and privacy issues, and other non-computer science questions, you will refuse to answer.

### Instruction:
Generate a pytest test suite for the following code.

Only write unit tests in the output and nothing else.Import the function from the module `HumanEval_58.py` instead of redefining it.

The input code includes the full function definition (signature + body).
Only write unit tests. Do not include explanations, comments, or extra text.

### Test Requirements:
- Write multiple test functions (e.g., `def test_case_1():`, `def test_case_2():`).
- Cover at least 5 cases including typical inputs, edge cases, empty inputs, negative inputs, and unusual inputs.
- Ensure high branch and line coverage; include all execution paths.


def common(l1: list, l2: list):
    """Return sorted unique common elements for two lists.
    >>> common([1, 4, 3, 34, 653, 2, 5], [5, 7, 1, 5, 9, 653, 121])
    [1, 5, 653]
    >>> common([5, 3, 2, 8], [3, 2])
    [2, 3]

    """

    ret = set()
    for e1 in l1:
        for e2 in l2:
            if e1 == e2:
                ret.add(e1)
    return sorted(list(ret))


### Response:

response:
Sure, here are the pytest test cases for the given function:
coverage:
OKSetting `pad_token_id` to `eos_token_id`:32021 for open-end generation.

============================= test session starts ==============================
platform linux -- Python 3.12.12, pytest-8.4.2, pluggy-1.6.0
rootdir: /content/CS598JBR-Team-26/MP2
plugins: cov-7.0.0, anyio-4.11.0, langsmith-0.4.35, typeguard-4.4.4
collected 10 items

HumanEval_102_test.py ..F..F...F                                         [100%]

=================================== FAILURES ===================================
_________________________________ test_case_3 __________________________________

    def test_case_3():
>       assert choose_num(0, 2) == 0
E       assert 2 == 0
E        +  where 2 = choose_num(0, 2)

HumanEval_102_test.py:11: AssertionError
_________________________________ test_case_6 __________________________________

    def test_case_6():
>       assert choose_num(10, 10) == -1
E       assert 10 == -1
E        +  where 10 = choose_num(10, 10)

HumanEval_102_test.py:20: AssertionError
_________________________________ test_case_10 _________________________________

    def test_case_10():
>       assert choose_num(2, 2) == -1
E       assert 2 == -1
E        +  where 2 = choose_num(2, 2)

HumanEval_102_test.py:32: AssertionError
================================ tests coverage ================================
_______________ coverage: platform linux, python 3.12.12-final-0 _______________

Coverage JSON written to file Coverage/HumanEval_102_test_crafted.json
=========================== short test summary info ============================
FAILED HumanEval_102_test.py::test_case_3 - assert 2 == 0
FAILED HumanEval_102_test.py::test_case_6 - assert 10 == -1
FAILED HumanEval_102_test.py::test_case_10 - assert 2 == -1
========================= 3 failed, 7 passed in 0.09s ==========================


Task_ID HumanEval/102:
prompt:
You are an AI programming assistant, utilizing the DeepSeek Coder model, developed by DeepSeek Company, and you only answer questions related to computer science. For politically sensitive questions, security and privacy issues, and other non-computer science questions, you will refuse to answer.

### Instruction:
Generate a pytest test suite for the following code.

Only write unit tests in the output and nothing else.Import the function from the module `HumanEval_102.py` instead of redefining it.

The input code includes the full function definition (signature + body).
Only write unit tests. Do not include explanations, comments, or extra text.

### Test Requirements:
- Write multiple test functions (e.g., `def test_case_1():`, `def test_case_2():`).
- Cover at least 5 cases including typical inputs, edge cases, empty inputs, negative inputs, and unusual inputs.
- Ensure high branch and line coverage; include all execution paths.

def choose_num(x, y):
    """This function takes two positive numbers x and y and returns the
    biggest even integer number that is in the range [x, y] inclusive. If 
    there's no such number, then the function should return -1.

    For example:
    choose_num(12, 15) = 14
    choose_num(13, 12) = -1
    """

    if x > y:
        return -1
    if y % 2 == 0:
        return y
    if x == y:
        return -1
    return y - 1


### Response:

response:
import pytest
from HumanEval_102 import choose_num

def test_case_1():
    assert choose_num(12, 15) == 14

def test_case_2():
    assert choose_num(13, 12) == -1

def test_case_3():
    assert choose_num(0, 2) == 0

def test_case_4():
    assert choose_num(1, 1) == -1

def test_case_5():
    assert choose_num(2, 4) == 4

def test_case_6():
    assert choose_num(10, 10) == -1

def test_case_7():
    assert choose_num(5, 7) == 6

def test_case_8():
    assert choose_num(11, 13) == 12

def test_case_9():
    assert choose_num(9, 9) == -1

def test_case_10():
    assert choose_num(2, 2) == -1
coverage:
{"meta": {"format": 3, "version": "7.11.0", "timestamp": "2025-10-19T23:36:57.769060", "branch_coverage": false, "show_contexts": false}, "files": {"HumanEval_102.py": {"executed_lines": [2, 12, 13, 14, 15, 16, 17, 18], "summary": {"covered_lines": 8, "num_statements": 8, "percent_covered": 100.0, "percent_covered_display": "100", "missing_lines": 0, "excluded_lines": 0}, "missing_lines": [], "excluded_lines": [], "functions": {"choose_num": {"executed_lines": [12, 13, 14, 15, 16, 17, 18], "summary": {"covered_lines": 7, "num_statements": 7, "percent_covered": 100.0, "percent_covered_display": "100", "missing_lines": 0, "excluded_lines": 0}, "missing_lines": [], "excluded_lines": []}, "": {"executed_lines": [2], "summary": {"covered_lines": 1, "num_statements": 1, "percent_covered": 100.0, "percent_covered_display": "100", "missing_lines": 0, "excluded_lines": 0}, "missing_lines": [], "excluded_lines": []}}, "classes": {"": {"executed_lines": [2, 12, 13, 14, 15, 16, 17, 18], "summary": {"covered_lines": 8, "num_statements": 8, "percent_covered": 100.0, "percent_covered_display": "100", "missing_lines": 0, "excluded_lines": 0}, "missing_lines": [], "excluded_lines": []}}}}, "totals": {"covered_lines": 8, "num_statements": 8, "percent_covered": 100.0, "percent_covered_display": "100", "missing_lines": 0, "excluded_lines": 0}}
